{"D:\\TELERIK\\PROJECT 3\\chatter\\src\\App.jsx": {"path":"D:\\TELERIK\\PROJECT 3\\chatter\\src\\App.jsx","statementMap":{"0":{"start":{"line":16,"column":12},"end":{"line":78,"column":1}},"1":{"start":{"line":18,"column":17},"end":{"line":18,"column":35}},"2":{"start":{"line":20,"column":34},"end":{"line":23,"column":4}},"3":{"start":{"line":24,"column":32},"end":{"line":24,"column":47}},"4":{"start":{"line":26,"column":2},"end":{"line":28,"column":3}},"5":{"start":{"line":27,"column":4},"end":{"line":27,"column":42}},"6":{"start":{"line":30,"column":2},"end":{"line":55,"column":13}},"7":{"start":{"line":31,"column":4},"end":{"line":34,"column":5}},"8":{"start":{"line":32,"column":6},"end":{"line":32,"column":23}},"9":{"start":{"line":33,"column":6},"end":{"line":33,"column":13}},"10":{"start":{"line":36,"column":4},"end":{"line":36,"column":21}},"11":{"start":{"line":38,"column":4},"end":{"line":54,"column":38}},"12":{"start":{"line":40,"column":8},"end":{"line":42,"column":9}},"13":{"start":{"line":41,"column":10},"end":{"line":41,"column":49}},"14":{"start":{"line":44,"column":32},"end":{"line":44,"column":78}},"15":{"start":{"line":45,"column":8},"end":{"line":45,"column":66}},"16":{"start":{"line":47,"column":8},"end":{"line":50,"column":11}},"17":{"start":{"line":52,"column":8},"end":{"line":52,"column":26}},"18":{"start":{"line":54,"column":20},"end":{"line":54,"column":36}},"19":{"start":{"line":57,"column":2},"end":{"line":77,"column":4}}},"fnMap":{"0":{"name":"(anonymous_0)","decl":{"start":{"line":16,"column":12},"end":{"line":16,"column":13}},"loc":{"start":{"line":16,"column":18},"end":{"line":78,"column":1}},"line":16},"1":{"name":"(anonymous_1)","decl":{"start":{"line":30,"column":12},"end":{"line":30,"column":13}},"loc":{"start":{"line":30,"column":18},"end":{"line":55,"column":3}},"line":30},"2":{"name":"(anonymous_2)","decl":{"start":{"line":39,"column":12},"end":{"line":39,"column":13}},"loc":{"start":{"line":39,"column":24},"end":{"line":53,"column":7}},"line":39},"3":{"name":"(anonymous_3)","decl":{"start":{"line":54,"column":13},"end":{"line":54,"column":14}},"loc":{"start":{"line":54,"column":20},"end":{"line":54,"column":36}},"line":54}},"branchMap":{"0":{"loc":{"start":{"line":26,"column":2},"end":{"line":28,"column":3}},"type":"if","locations":[{"start":{"line":26,"column":2},"end":{"line":28,"column":3}},{"start":{},"end":{}}],"line":26},"1":{"loc":{"start":{"line":31,"column":4},"end":{"line":34,"column":5}},"type":"if","locations":[{"start":{"line":31,"column":4},"end":{"line":34,"column":5}},{"start":{},"end":{}}],"line":31},"2":{"loc":{"start":{"line":40,"column":8},"end":{"line":42,"column":9}},"type":"if","locations":[{"start":{"line":40,"column":8},"end":{"line":42,"column":9}},{"start":{},"end":{}}],"line":40},"3":{"loc":{"start":{"line":60,"column":9},"end":{"line":73,"column":22}},"type":"cond-expr","locations":[{"start":{"line":61,"column":10},"end":{"line":72,"column":19}},{"start":{"line":73,"column":12},"end":{"line":73,"column":22}}],"line":60}},"s":{"0":0,"1":0,"2":0,"3":0,"4":0,"5":0,"6":0,"7":0,"8":0,"9":0,"10":0,"11":0,"12":0,"13":0,"14":0,"15":0,"16":0,"17":0,"18":0,"19":0},"f":{"0":0,"1":0,"2":0,"3":0},"b":{"0":[0,0],"1":[0,0],"2":[0,0],"3":[0,0]}}
,"D:\\TELERIK\\PROJECT 3\\chatter\\src\\main.jsx": {"path":"D:\\TELERIK\\PROJECT 3\\chatter\\src\\main.jsx","statementMap":{"0":{"start":{"line":9,"column":0},"end":{"line":16,"column":1}}},"fnMap":{},"branchMap":{},"s":{"0":0},"f":{},"b":{}}
,"D:\\TELERIK\\PROJECT 3\\chatter\\src\\common\\constants.js": {"path":"D:\\TELERIK\\PROJECT 3\\chatter\\src\\common\\constants.js","statementMap":{"0":{"start":{"line":1,"column":31},"end":{"line":1,"column":32}},"1":{"start":{"line":2,"column":35},"end":{"line":2,"column":36}},"2":{"start":{"line":4,"column":35},"end":{"line":4,"column":36}},"3":{"start":{"line":6,"column":35},"end":{"line":6,"column":37}},"4":{"start":{"line":8,"column":28},"end":{"line":8,"column":30}},"5":{"start":{"line":10,"column":34},"end":{"line":10,"column":35}},"6":{"start":{"line":12,"column":34},"end":{"line":12,"column":36}},"7":{"start":{"line":14,"column":35},"end":{"line":14,"column":36}},"8":{"start":{"line":16,"column":35},"end":{"line":16,"column":37}},"9":{"start":{"line":18,"column":34},"end":{"line":18,"column":35}},"10":{"start":{"line":19,"column":29},"end":{"line":19,"column":73}},"11":{"start":{"line":20,"column":34},"end":{"line":20,"column":87}},"12":{"start":{"line":22,"column":24},"end":{"line":26,"column":1}},"13":{"start":{"line":28,"column":34},"end":{"line":31,"column":1}},"14":{"start":{"line":29,"column":16},"end":{"line":29,"column":26}},"15":{"start":{"line":30,"column":2},"end":{"line":30,"column":33}},"16":{"start":{"line":33,"column":25},"end":{"line":40,"column":1}},"17":{"start":{"line":42,"column":30},"end":{"line":42,"column":83}},"18":{"start":{"line":43,"column":29},"end":{"line":43,"column":63}},"19":{"start":{"line":45,"column":30},"end":{"line":45,"column":61}}},"fnMap":{"0":{"name":"(anonymous_0)","decl":{"start":{"line":28,"column":34},"end":{"line":28,"column":35}},"loc":{"start":{"line":28,"column":51},"end":{"line":31,"column":1}},"line":28}},"branchMap":{},"s":{"0":1,"1":1,"2":1,"3":1,"4":1,"5":1,"6":1,"7":1,"8":1,"9":1,"10":1,"11":1,"12":1,"13":1,"14":0,"15":0,"16":1,"17":1,"18":1,"19":1},"f":{"0":0},"b":{},"_coverageSchema":"1a1c01bbd47fc00a2c39e90264f33305004495a9","hash":"319b17bcbef2811a3e18a296341ed877609c1e1c"}
,"D:\\TELERIK\\PROJECT 3\\chatter\\src\\components\\AddTeam\\AddTeam.jsx": {"path":"D:\\TELERIK\\PROJECT 3\\chatter\\src\\components\\AddTeam\\AddTeam.jsx","statementMap":{"0":{"start":{"line":9,"column":16},"end":{"line":77,"column":1}},"1":{"start":{"line":10,"column":19},"end":{"line":10,"column":31}},"2":{"start":{"line":11,"column":23},"end":{"line":11,"column":45}},"3":{"start":{"line":13,"column":19},"end":{"line":13,"column":32}},"4":{"start":{"line":15,"column":34},"end":{"line":15,"column":46}},"5":{"start":{"line":17,"column":36},"end":{"line":17,"column":48}},"6":{"start":{"line":19,"column":21},"end":{"line":43,"column":3}},"7":{"start":{"line":20,"column":4},"end":{"line":20,"column":23}},"8":{"start":{"line":21,"column":4},"end":{"line":24,"column":5}},"9":{"start":{"line":22,"column":6},"end":{"line":22,"column":68}},"10":{"start":{"line":23,"column":6},"end":{"line":23,"column":71}},"11":{"start":{"line":26,"column":4},"end":{"line":26,"column":21}},"12":{"start":{"line":28,"column":4},"end":{"line":42,"column":38}},"13":{"start":{"line":30,"column":8},"end":{"line":33,"column":9}},"14":{"start":{"line":31,"column":10},"end":{"line":31,"column":58}},"15":{"start":{"line":32,"column":10},"end":{"line":32,"column":61}},"16":{"start":{"line":34,"column":8},"end":{"line":40,"column":13}},"17":{"start":{"line":36,"column":12},"end":{"line":39,"column":17}},"18":{"start":{"line":38,"column":16},"end":{"line":38,"column":67}},"19":{"start":{"line":42,"column":20},"end":{"line":42,"column":36}},"20":{"start":{"line":45,"column":2},"end":{"line":76,"column":4}},"21":{"start":{"line":48,"column":21},"end":{"line":48,"column":70}},"22":{"start":{"line":59,"column":85},"end":{"line":59,"column":112}}},"fnMap":{"0":{"name":"(anonymous_0)","decl":{"start":{"line":9,"column":16},"end":{"line":9,"column":17}},"loc":{"start":{"line":9,"column":22},"end":{"line":77,"column":1}},"line":9},"1":{"name":"(anonymous_1)","decl":{"start":{"line":19,"column":21},"end":{"line":19,"column":22}},"loc":{"start":{"line":19,"column":28},"end":{"line":43,"column":3}},"line":19},"2":{"name":"(anonymous_2)","decl":{"start":{"line":29,"column":12},"end":{"line":29,"column":13}},"loc":{"start":{"line":29,"column":24},"end":{"line":41,"column":7}},"line":29},"3":{"name":"(anonymous_3)","decl":{"start":{"line":35,"column":16},"end":{"line":35,"column":17}},"loc":{"start":{"line":35,"column":26},"end":{"line":40,"column":11}},"line":35},"4":{"name":"(anonymous_4)","decl":{"start":{"line":37,"column":20},"end":{"line":37,"column":21}},"loc":{"start":{"line":37,"column":33},"end":{"line":39,"column":15}},"line":37},"5":{"name":"(anonymous_5)","decl":{"start":{"line":42,"column":13},"end":{"line":42,"column":14}},"loc":{"start":{"line":42,"column":20},"end":{"line":42,"column":36}},"line":42},"6":{"name":"(anonymous_6)","decl":{"start":{"line":48,"column":15},"end":{"line":48,"column":16}},"loc":{"start":{"line":48,"column":21},"end":{"line":48,"column":70}},"line":48},"7":{"name":"(anonymous_7)","decl":{"start":{"line":59,"column":78},"end":{"line":59,"column":79}},"loc":{"start":{"line":59,"column":85},"end":{"line":59,"column":112}},"line":59}},"branchMap":{"0":{"loc":{"start":{"line":21,"column":4},"end":{"line":24,"column":5}},"type":"if","locations":[{"start":{"line":21,"column":4},"end":{"line":24,"column":5}},{"start":{},"end":{}}],"line":21},"1":{"loc":{"start":{"line":21,"column":8},"end":{"line":21,"column":86}},"type":"binary-expr","locations":[{"start":{"line":21,"column":8},"end":{"line":21,"column":45}},{"start":{"line":21,"column":49},"end":{"line":21,"column":86}}],"line":21},"2":{"loc":{"start":{"line":30,"column":8},"end":{"line":33,"column":9}},"type":"if","locations":[{"start":{"line":30,"column":8},"end":{"line":33,"column":9}},{"start":{},"end":{}}],"line":30}},"s":{"0":0,"1":0,"2":0,"3":0,"4":0,"5":0,"6":0,"7":0,"8":0,"9":0,"10":0,"11":0,"12":0,"13":0,"14":0,"15":0,"16":0,"17":0,"18":0,"19":0,"20":0,"21":0,"22":0},"f":{"0":0,"1":0,"2":0,"3":0,"4":0,"5":0,"6":0,"7":0},"b":{"0":[0,0],"1":[0,0],"2":[0,0]}}
,"D:\\TELERIK\\PROJECT 3\\chatter\\src\\components\\AlertModal\\AlertModal.jsx": {"path":"D:\\TELERIK\\PROJECT 3\\chatter\\src\\components\\AlertModal\\AlertModal.jsx","statementMap":{"0":{"start":{"line":8,"column":19},"end":{"line":79,"column":1}},"1":{"start":{"line":10,"column":30},"end":{"line":10,"column":47}},"2":{"start":{"line":11,"column":23},"end":{"line":11,"column":45}},"3":{"start":{"line":12,"column":19},"end":{"line":12,"column":32}},"4":{"start":{"line":14,"column":22},"end":{"line":51,"column":3}},"5":{"start":{"line":15,"column":4},"end":{"line":15,"column":23}},"6":{"start":{"line":16,"column":4},"end":{"line":23,"column":5}},"7":{"start":{"line":17,"column":6},"end":{"line":22,"column":40}},"8":{"start":{"line":19,"column":10},"end":{"line":19,"column":27}},"9":{"start":{"line":20,"column":10},"end":{"line":20,"column":39}},"10":{"start":{"line":22,"column":22},"end":{"line":22,"column":38}},"11":{"start":{"line":25,"column":4},"end":{"line":32,"column":5}},"12":{"start":{"line":26,"column":6},"end":{"line":31,"column":40}},"13":{"start":{"line":28,"column":10},"end":{"line":28,"column":27}},"14":{"start":{"line":29,"column":10},"end":{"line":29,"column":39}},"15":{"start":{"line":31,"column":22},"end":{"line":31,"column":38}},"16":{"start":{"line":34,"column":4},"end":{"line":41,"column":5}},"17":{"start":{"line":35,"column":6},"end":{"line":40,"column":40}},"18":{"start":{"line":37,"column":10},"end":{"line":37,"column":27}},"19":{"start":{"line":38,"column":10},"end":{"line":38,"column":39}},"20":{"start":{"line":40,"column":22},"end":{"line":40,"column":38}},"21":{"start":{"line":43,"column":4},"end":{"line":50,"column":5}},"22":{"start":{"line":44,"column":6},"end":{"line":49,"column":40}},"23":{"start":{"line":46,"column":10},"end":{"line":46,"column":27}},"24":{"start":{"line":47,"column":10},"end":{"line":47,"column":24}},"25":{"start":{"line":49,"column":22},"end":{"line":49,"column":38}},"26":{"start":{"line":53,"column":2},"end":{"line":78,"column":4}},"27":{"start":{"line":63,"column":31},"end":{"line":63,"column":48}},"28":{"start":{"line":63,"column":49},"end":{"line":63,"column":77}}},"fnMap":{"0":{"name":"(anonymous_0)","decl":{"start":{"line":8,"column":19},"end":{"line":8,"column":20}},"loc":{"start":{"line":8,"column":108},"end":{"line":79,"column":1}},"line":8},"1":{"name":"(anonymous_1)","decl":{"start":{"line":14,"column":22},"end":{"line":14,"column":23}},"loc":{"start":{"line":14,"column":29},"end":{"line":51,"column":3}},"line":14},"2":{"name":"(anonymous_2)","decl":{"start":{"line":18,"column":14},"end":{"line":18,"column":15}},"loc":{"start":{"line":18,"column":20},"end":{"line":21,"column":9}},"line":18},"3":{"name":"(anonymous_3)","decl":{"start":{"line":22,"column":15},"end":{"line":22,"column":16}},"loc":{"start":{"line":22,"column":22},"end":{"line":22,"column":38}},"line":22},"4":{"name":"(anonymous_4)","decl":{"start":{"line":27,"column":14},"end":{"line":27,"column":15}},"loc":{"start":{"line":27,"column":20},"end":{"line":30,"column":9}},"line":27},"5":{"name":"(anonymous_5)","decl":{"start":{"line":31,"column":15},"end":{"line":31,"column":16}},"loc":{"start":{"line":31,"column":22},"end":{"line":31,"column":38}},"line":31},"6":{"name":"(anonymous_6)","decl":{"start":{"line":36,"column":14},"end":{"line":36,"column":15}},"loc":{"start":{"line":36,"column":20},"end":{"line":39,"column":9}},"line":36},"7":{"name":"(anonymous_7)","decl":{"start":{"line":40,"column":15},"end":{"line":40,"column":16}},"loc":{"start":{"line":40,"column":22},"end":{"line":40,"column":38}},"line":40},"8":{"name":"(anonymous_8)","decl":{"start":{"line":45,"column":14},"end":{"line":45,"column":15}},"loc":{"start":{"line":45,"column":20},"end":{"line":48,"column":9}},"line":45},"9":{"name":"(anonymous_9)","decl":{"start":{"line":49,"column":15},"end":{"line":49,"column":16}},"loc":{"start":{"line":49,"column":22},"end":{"line":49,"column":38}},"line":49},"10":{"name":"(anonymous_10)","decl":{"start":{"line":63,"column":23},"end":{"line":63,"column":24}},"loc":{"start":{"line":63,"column":29},"end":{"line":63,"column":79}},"line":63}},"branchMap":{"0":{"loc":{"start":{"line":16,"column":4},"end":{"line":23,"column":5}},"type":"if","locations":[{"start":{"line":16,"column":4},"end":{"line":23,"column":5}},{"start":{},"end":{}}],"line":16},"1":{"loc":{"start":{"line":25,"column":4},"end":{"line":32,"column":5}},"type":"if","locations":[{"start":{"line":25,"column":4},"end":{"line":32,"column":5}},{"start":{},"end":{}}],"line":25},"2":{"loc":{"start":{"line":34,"column":4},"end":{"line":41,"column":5}},"type":"if","locations":[{"start":{"line":34,"column":4},"end":{"line":41,"column":5}},{"start":{},"end":{}}],"line":34},"3":{"loc":{"start":{"line":43,"column":4},"end":{"line":50,"column":5}},"type":"if","locations":[{"start":{"line":43,"column":4},"end":{"line":50,"column":5}},{"start":{},"end":{}}],"line":43}},"s":{"0":0,"1":0,"2":0,"3":0,"4":0,"5":0,"6":0,"7":0,"8":0,"9":0,"10":0,"11":0,"12":0,"13":0,"14":0,"15":0,"16":0,"17":0,"18":0,"19":0,"20":0,"21":0,"22":0,"23":0,"24":0,"25":0,"26":0,"27":0,"28":0},"f":{"0":0,"1":0,"2":0,"3":0,"4":0,"5":0,"6":0,"7":0,"8":0,"9":0,"10":0},"b":{"0":[0,0],"1":[0,0],"2":[0,0],"3":[0,0]}}
,"D:\\TELERIK\\PROJECT 3\\chatter\\src\\components\\AllFriends\\AllFriends.jsx": {"path":"D:\\TELERIK\\PROJECT 3\\chatter\\src\\components\\AllFriends\\AllFriends.jsx","statementMap":{"0":{"start":{"line":6,"column":19},"end":{"line":38,"column":1}},"1":{"start":{"line":8,"column":23},"end":{"line":8,"column":45}},"2":{"start":{"line":9,"column":32},"end":{"line":9,"column":44}},"3":{"start":{"line":11,"column":2},"end":{"line":19,"column":24}},"4":{"start":{"line":12,"column":24},"end":{"line":14,"column":23}},"5":{"start":{"line":13,"column":6},"end":{"line":13,"column":22}},"6":{"start":{"line":16,"column":4},"end":{"line":18,"column":5}},"7":{"start":{"line":17,"column":6},"end":{"line":17,"column":20}},"8":{"start":{"line":21,"column":2},"end":{"line":37,"column":4}},"9":{"start":{"line":27,"column":10},"end":{"line":27,"column":53}}},"fnMap":{"0":{"name":"(anonymous_0)","decl":{"start":{"line":6,"column":19},"end":{"line":6,"column":20}},"loc":{"start":{"line":6,"column":25},"end":{"line":38,"column":1}},"line":6},"1":{"name":"(anonymous_1)","decl":{"start":{"line":11,"column":12},"end":{"line":11,"column":13}},"loc":{"start":{"line":11,"column":18},"end":{"line":19,"column":3}},"line":11},"2":{"name":"(anonymous_2)","decl":{"start":{"line":12,"column":43},"end":{"line":12,"column":44}},"loc":{"start":{"line":12,"column":51},"end":{"line":14,"column":5}},"line":12},"3":{"name":"(anonymous_3)","decl":{"start":{"line":16,"column":11},"end":{"line":16,"column":12}},"loc":{"start":{"line":16,"column":17},"end":{"line":18,"column":5}},"line":16},"4":{"name":"(anonymous_4)","decl":{"start":{"line":26,"column":68},"end":{"line":26,"column":69}},"loc":{"start":{"line":26,"column":84},"end":{"line":28,"column":9}},"line":26}},"branchMap":{"0":{"loc":{"start":{"line":26,"column":9},"end":{"line":34,"column":9}},"type":"cond-expr","locations":[{"start":{"line":26,"column":43},"end":{"line":28,"column":10}},{"start":{"line":29,"column":10},"end":{"line":33,"column":16}}],"line":26}},"s":{"0":0,"1":0,"2":0,"3":0,"4":0,"5":0,"6":0,"7":0,"8":0,"9":0},"f":{"0":0,"1":0,"2":0,"3":0,"4":0},"b":{"0":[0,0]}}
,"D:\\TELERIK\\PROJECT 3\\chatter\\src\\components\\ChannelTile\\ChannelTile.jsx": {"path":"D:\\TELERIK\\PROJECT 3\\chatter\\src\\components\\ChannelTile\\ChannelTile.jsx","statementMap":{"0":{"start":{"line":9,"column":20},"end":{"line":85,"column":1}},"1":{"start":{"line":11,"column":21},"end":{"line":11,"column":32}},"2":{"start":{"line":12,"column":23},"end":{"line":12,"column":45}},"3":{"start":{"line":14,"column":40},"end":{"line":14,"column":52}},"4":{"start":{"line":16,"column":48},"end":{"line":16,"column":63}},"5":{"start":{"line":18,"column":44},"end":{"line":18,"column":56}},"6":{"start":{"line":19,"column":54},"end":{"line":19,"column":69}},"7":{"start":{"line":21,"column":19},"end":{"line":21,"column":32}},"8":{"start":{"line":23,"column":28},"end":{"line":26,"column":3}},"9":{"start":{"line":24,"column":4},"end":{"line":24,"column":23}},"10":{"start":{"line":25,"column":4},"end":{"line":25,"column":32}},"11":{"start":{"line":28,"column":2},"end":{"line":34,"column":18}},"12":{"start":{"line":29,"column":4},"end":{"line":33,"column":38}},"13":{"start":{"line":31,"column":8},"end":{"line":31,"column":37}},"14":{"start":{"line":33,"column":20},"end":{"line":33,"column":36}},"15":{"start":{"line":36,"column":2},"end":{"line":44,"column":18}},"16":{"start":{"line":37,"column":24},"end":{"line":39,"column":17}},"17":{"start":{"line":38,"column":6},"end":{"line":38,"column":34}},"18":{"start":{"line":41,"column":4},"end":{"line":43,"column":5}},"19":{"start":{"line":42,"column":6},"end":{"line":42,"column":20}},"20":{"start":{"line":46,"column":2},"end":{"line":52,"column":22}},"21":{"start":{"line":47,"column":4},"end":{"line":51,"column":5}},"22":{"start":{"line":48,"column":6},"end":{"line":48,"column":45}},"23":{"start":{"line":50,"column":6},"end":{"line":50,"column":49}},"24":{"start":{"line":54,"column":2},"end":{"line":60,"column":24}},"25":{"start":{"line":55,"column":4},"end":{"line":59,"column":5}},"26":{"start":{"line":56,"column":6},"end":{"line":58,"column":40}},"27":{"start":{"line":57,"column":26},"end":{"line":57,"column":54}},"28":{"start":{"line":58,"column":22},"end":{"line":58,"column":38}},"29":{"start":{"line":62,"column":2},"end":{"line":84,"column":4}},"30":{"start":{"line":66,"column":25},"end":{"line":66,"column":75}},"31":{"start":{"line":76,"column":25},"end":{"line":76,"column":50}}},"fnMap":{"0":{"name":"(anonymous_0)","decl":{"start":{"line":9,"column":20},"end":{"line":9,"column":21}},"loc":{"start":{"line":9,"column":160},"end":{"line":85,"column":1}},"line":9},"1":{"name":"(anonymous_1)","decl":{"start":{"line":23,"column":28},"end":{"line":23,"column":29}},"loc":{"start":{"line":23,"column":35},"end":{"line":26,"column":3}},"line":23},"2":{"name":"(anonymous_2)","decl":{"start":{"line":28,"column":12},"end":{"line":28,"column":13}},"loc":{"start":{"line":28,"column":18},"end":{"line":34,"column":3}},"line":28},"3":{"name":"(anonymous_3)","decl":{"start":{"line":30,"column":12},"end":{"line":30,"column":13}},"loc":{"start":{"line":30,"column":23},"end":{"line":32,"column":7}},"line":30},"4":{"name":"(anonymous_4)","decl":{"start":{"line":33,"column":13},"end":{"line":33,"column":14}},"loc":{"start":{"line":33,"column":20},"end":{"line":33,"column":36}},"line":33},"5":{"name":"(anonymous_5)","decl":{"start":{"line":36,"column":12},"end":{"line":36,"column":13}},"loc":{"start":{"line":36,"column":18},"end":{"line":44,"column":3}},"line":36},"6":{"name":"(anonymous_6)","decl":{"start":{"line":37,"column":45},"end":{"line":37,"column":46}},"loc":{"start":{"line":37,"column":53},"end":{"line":39,"column":5}},"line":37},"7":{"name":"(anonymous_7)","decl":{"start":{"line":41,"column":11},"end":{"line":41,"column":12}},"loc":{"start":{"line":41,"column":17},"end":{"line":43,"column":5}},"line":41},"8":{"name":"(anonymous_8)","decl":{"start":{"line":46,"column":12},"end":{"line":46,"column":13}},"loc":{"start":{"line":46,"column":18},"end":{"line":52,"column":3}},"line":46},"9":{"name":"(anonymous_9)","decl":{"start":{"line":54,"column":12},"end":{"line":54,"column":13}},"loc":{"start":{"line":54,"column":18},"end":{"line":60,"column":3}},"line":54},"10":{"name":"(anonymous_10)","decl":{"start":{"line":57,"column":14},"end":{"line":57,"column":15}},"loc":{"start":{"line":57,"column":26},"end":{"line":57,"column":54}},"line":57},"11":{"name":"(anonymous_11)","decl":{"start":{"line":58,"column":15},"end":{"line":58,"column":16}},"loc":{"start":{"line":58,"column":22},"end":{"line":58,"column":38}},"line":58},"12":{"name":"(anonymous_12)","decl":{"start":{"line":66,"column":17},"end":{"line":66,"column":18}},"loc":{"start":{"line":66,"column":23},"end":{"line":66,"column":77}},"line":66},"13":{"name":"(anonymous_13)","decl":{"start":{"line":76,"column":19},"end":{"line":76,"column":20}},"loc":{"start":{"line":76,"column":25},"end":{"line":76,"column":50}},"line":76}},"branchMap":{"0":{"loc":{"start":{"line":47,"column":4},"end":{"line":51,"column":5}},"type":"if","locations":[{"start":{"line":47,"column":4},"end":{"line":51,"column":5}},{"start":{"line":49,"column":11},"end":{"line":51,"column":5}}],"line":47},"1":{"loc":{"start":{"line":55,"column":4},"end":{"line":59,"column":5}},"type":"if","locations":[{"start":{"line":55,"column":4},"end":{"line":59,"column":5}},{"start":{},"end":{}}],"line":55},"2":{"loc":{"start":{"line":64,"column":95},"end":{"line":64,"column":308}},"type":"cond-expr","locations":[{"start":{"line":64,"column":137},"end":{"line":64,"column":219}},{"start":{"line":64,"column":222},"end":{"line":64,"column":308}}],"line":64},"3":{"loc":{"start":{"line":73,"column":9},"end":{"line":78,"column":10}},"type":"binary-expr","locations":[{"start":{"line":73,"column":9},"end":{"line":73,"column":24}},{"start":{"line":73,"column":28},"end":{"line":78,"column":10}}],"line":73},"4":{"loc":{"start":{"line":80,"column":7},"end":{"line":81,"column":287}},"type":"binary-expr","locations":[{"start":{"line":80,"column":7},"end":{"line":80,"column":25}},{"start":{"line":81,"column":8},"end":{"line":81,"column":287}}],"line":80}},"s":{"0":0,"1":0,"2":0,"3":0,"4":0,"5":0,"6":0,"7":0,"8":0,"9":0,"10":0,"11":0,"12":0,"13":0,"14":0,"15":0,"16":0,"17":0,"18":0,"19":0,"20":0,"21":0,"22":0,"23":0,"24":0,"25":0,"26":0,"27":0,"28":0,"29":0,"30":0,"31":0},"f":{"0":0,"1":0,"2":0,"3":0,"4":0,"5":0,"6":0,"7":0,"8":0,"9":0,"10":0,"11":0,"12":0,"13":0},"b":{"0":[0,0],"1":[0,0],"2":[0,0],"3":[0,0],"4":[0,0]}}
,"D:\\TELERIK\\PROJECT 3\\chatter\\src\\components\\ChannelXModal\\ChannelXModal.jsx": {"path":"D:\\TELERIK\\PROJECT 3\\chatter\\src\\components\\ChannelXModal\\ChannelXModal.jsx","statementMap":{"0":{"start":{"line":5,"column":22},"end":{"line":42,"column":1}},"1":{"start":{"line":7,"column":23},"end":{"line":7,"column":45}},"2":{"start":{"line":9,"column":2},"end":{"line":41,"column":4}},"3":{"start":{"line":20,"column":68},"end":{"line":20,"column":93}},"4":{"start":{"line":23,"column":24},"end":{"line":25,"column":49}},"5":{"start":{"line":24,"column":30},"end":{"line":24,"column":55}},"6":{"start":{"line":25,"column":32},"end":{"line":25,"column":48}},"7":{"start":{"line":26,"column":24},"end":{"line":28,"column":49}},"8":{"start":{"line":27,"column":30},"end":{"line":27,"column":55}},"9":{"start":{"line":28,"column":32},"end":{"line":28,"column":48}}},"fnMap":{"0":{"name":"(anonymous_0)","decl":{"start":{"line":5,"column":22},"end":{"line":5,"column":23}},"loc":{"start":{"line":5,"column":84},"end":{"line":42,"column":1}},"line":5},"1":{"name":"(anonymous_1)","decl":{"start":{"line":20,"column":62},"end":{"line":20,"column":63}},"loc":{"start":{"line":20,"column":68},"end":{"line":20,"column":93}},"line":20},"2":{"name":"(anonymous_2)","decl":{"start":{"line":23,"column":18},"end":{"line":23,"column":19}},"loc":{"start":{"line":23,"column":24},"end":{"line":25,"column":49}},"line":23},"3":{"name":"(anonymous_3)","decl":{"start":{"line":24,"column":24},"end":{"line":24,"column":25}},"loc":{"start":{"line":24,"column":30},"end":{"line":24,"column":55}},"line":24},"4":{"name":"(anonymous_4)","decl":{"start":{"line":25,"column":25},"end":{"line":25,"column":26}},"loc":{"start":{"line":25,"column":32},"end":{"line":25,"column":48}},"line":25},"5":{"name":"(anonymous_5)","decl":{"start":{"line":26,"column":18},"end":{"line":26,"column":19}},"loc":{"start":{"line":26,"column":24},"end":{"line":28,"column":49}},"line":26},"6":{"name":"(anonymous_6)","decl":{"start":{"line":27,"column":24},"end":{"line":27,"column":25}},"loc":{"start":{"line":27,"column":30},"end":{"line":27,"column":55}},"line":27},"7":{"name":"(anonymous_7)","decl":{"start":{"line":28,"column":25},"end":{"line":28,"column":26}},"loc":{"start":{"line":28,"column":32},"end":{"line":28,"column":48}},"line":28}},"branchMap":{"0":{"loc":{"start":{"line":12,"column":9},"end":{"line":14,"column":106}},"type":"cond-expr","locations":[{"start":{"line":13,"column":12},"end":{"line":13,"column":107}},{"start":{"line":14,"column":12},"end":{"line":14,"column":106}}],"line":12},"1":{"loc":{"start":{"line":22,"column":23},"end":{"line":28,"column":49}},"type":"cond-expr","locations":[{"start":{"line":23,"column":18},"end":{"line":25,"column":49}},{"start":{"line":26,"column":18},"end":{"line":28,"column":49}}],"line":22},"2":{"loc":{"start":{"line":31,"column":15},"end":{"line":33,"column":33}},"type":"cond-expr","locations":[{"start":{"line":32,"column":18},"end":{"line":32,"column":34}},{"start":{"line":33,"column":18},"end":{"line":33,"column":33}}],"line":31}},"s":{"0":0,"1":0,"2":0,"3":0,"4":0,"5":0,"6":0,"7":0,"8":0,"9":0},"f":{"0":0,"1":0,"2":0,"3":0,"4":0,"5":0,"6":0,"7":0},"b":{"0":[0,0],"1":[0,0],"2":[0,0]}}
,"D:\\TELERIK\\PROJECT 3\\chatter\\src\\components\\ChatBot\\ChatBot.jsx": {"path":"D:\\TELERIK\\PROJECT 3\\chatter\\src\\components\\ChatBot\\ChatBot.jsx","statementMap":{"0":{"start":{"line":7,"column":16},"end":{"line":143,"column":1}},"1":{"start":{"line":9,"column":23},"end":{"line":9,"column":45}},"2":{"start":{"line":11,"column":30},"end":{"line":11,"column":45}},"3":{"start":{"line":13,"column":24},"end":{"line":13,"column":36}},"4":{"start":{"line":14,"column":34},"end":{"line":19,"column":4}},"5":{"start":{"line":21,"column":20},"end":{"line":21,"column":32}},"6":{"start":{"line":23,"column":25},"end":{"line":26,"column":3}},"7":{"start":{"line":24,"column":17},"end":{"line":24,"column":48}},"8":{"start":{"line":25,"column":4},"end":{"line":25,"column":40}},"9":{"start":{"line":28,"column":25},"end":{"line":53,"column":3}},"10":{"start":{"line":29,"column":4},"end":{"line":52,"column":38}},"11":{"start":{"line":39,"column":22},"end":{"line":39,"column":33}},"12":{"start":{"line":42,"column":8},"end":{"line":47,"column":10}},"13":{"start":{"line":49,"column":8},"end":{"line":49,"column":25}},"14":{"start":{"line":51,"column":18},"end":{"line":51,"column":34}},"15":{"start":{"line":52,"column":20},"end":{"line":52,"column":36}},"16":{"start":{"line":55,"column":28},"end":{"line":88,"column":3}},"17":{"start":{"line":57,"column":4},"end":{"line":57,"column":21}},"18":{"start":{"line":59,"column":22},"end":{"line":72,"column":6}},"19":{"start":{"line":60,"column":17},"end":{"line":60,"column":19}},"20":{"start":{"line":62,"column":6},"end":{"line":66,"column":7}},"21":{"start":{"line":63,"column":8},"end":{"line":63,"column":27}},"22":{"start":{"line":65,"column":8},"end":{"line":65,"column":22}},"23":{"start":{"line":68,"column":6},"end":{"line":71,"column":8}},"24":{"start":{"line":74,"column":26},"end":{"line":77,"column":5}},"25":{"start":{"line":79,"column":27},"end":{"line":85,"column":5}},"26":{"start":{"line":87,"column":4},"end":{"line":87,"column":49}},"27":{"start":{"line":90,"column":2},"end":{"line":95,"column":15}},"28":{"start":{"line":91,"column":4},"end":{"line":94,"column":5}},"29":{"start":{"line":92,"column":6},"end":{"line":92,"column":34}},"30":{"start":{"line":93,"column":6},"end":{"line":93,"column":23}},"31":{"start":{"line":97,"column":21},"end":{"line":109,"column":3}},"32":{"start":{"line":98,"column":4},"end":{"line":98,"column":23}},"33":{"start":{"line":100,"column":23},"end":{"line":103,"column":5}},"34":{"start":{"line":104,"column":24},"end":{"line":104,"column":49}},"35":{"start":{"line":106,"column":4},"end":{"line":106,"column":29}},"36":{"start":{"line":107,"column":4},"end":{"line":107,"column":15}},"37":{"start":{"line":108,"column":4},"end":{"line":108,"column":20}},"38":{"start":{"line":111,"column":2},"end":{"line":142,"column":4}},"39":{"start":{"line":115,"column":10},"end":{"line":115,"column":63}},"40":{"start":{"line":137,"column":27},"end":{"line":137,"column":49}}},"fnMap":{"0":{"name":"(anonymous_0)","decl":{"start":{"line":7,"column":16},"end":{"line":7,"column":17}},"loc":{"start":{"line":7,"column":22},"end":{"line":143,"column":1}},"line":7},"1":{"name":"(anonymous_1)","decl":{"start":{"line":23,"column":25},"end":{"line":23,"column":26}},"loc":{"start":{"line":23,"column":31},"end":{"line":26,"column":3}},"line":23},"2":{"name":"(anonymous_2)","decl":{"start":{"line":28,"column":25},"end":{"line":28,"column":26}},"loc":{"start":{"line":28,"column":59},"end":{"line":53,"column":3}},"line":28},"3":{"name":"(anonymous_3)","decl":{"start":{"line":39,"column":12},"end":{"line":39,"column":13}},"loc":{"start":{"line":39,"column":22},"end":{"line":39,"column":33}},"line":39},"4":{"name":"(anonymous_4)","decl":{"start":{"line":40,"column":12},"end":{"line":40,"column":13}},"loc":{"start":{"line":40,"column":22},"end":{"line":50,"column":7}},"line":40},"5":{"name":"(anonymous_5)","decl":{"start":{"line":51,"column":12},"end":{"line":51,"column":13}},"loc":{"start":{"line":51,"column":18},"end":{"line":51,"column":34}},"line":51},"6":{"name":"(anonymous_6)","decl":{"start":{"line":52,"column":13},"end":{"line":52,"column":14}},"loc":{"start":{"line":52,"column":20},"end":{"line":52,"column":36}},"line":52},"7":{"name":"(anonymous_7)","decl":{"start":{"line":55,"column":28},"end":{"line":55,"column":29}},"loc":{"start":{"line":55,"column":46},"end":{"line":88,"column":3}},"line":55},"8":{"name":"(anonymous_8)","decl":{"start":{"line":59,"column":39},"end":{"line":59,"column":40}},"loc":{"start":{"line":59,"column":58},"end":{"line":72,"column":5}},"line":59},"9":{"name":"(anonymous_9)","decl":{"start":{"line":90,"column":12},"end":{"line":90,"column":13}},"loc":{"start":{"line":90,"column":18},"end":{"line":95,"column":3}},"line":90},"10":{"name":"(anonymous_10)","decl":{"start":{"line":97,"column":21},"end":{"line":97,"column":22}},"loc":{"start":{"line":97,"column":34},"end":{"line":109,"column":3}},"line":97},"11":{"name":"(anonymous_11)","decl":{"start":{"line":114,"column":22},"end":{"line":114,"column":23}},"loc":{"start":{"line":114,"column":38},"end":{"line":116,"column":9}},"line":114},"12":{"name":"(anonymous_12)","decl":{"start":{"line":137,"column":20},"end":{"line":137,"column":21}},"loc":{"start":{"line":137,"column":27},"end":{"line":137,"column":49}},"line":137}},"branchMap":{"0":{"loc":{"start":{"line":62,"column":6},"end":{"line":66,"column":7}},"type":"if","locations":[{"start":{"line":62,"column":6},"end":{"line":66,"column":7}},{"start":{"line":64,"column":13},"end":{"line":66,"column":7}}],"line":62},"1":{"loc":{"start":{"line":91,"column":4},"end":{"line":94,"column":5}},"type":"if","locations":[{"start":{"line":91,"column":4},"end":{"line":94,"column":5}},{"start":{},"end":{}}],"line":91},"2":{"loc":{"start":{"line":118,"column":39},"end":{"line":118,"column":59}},"type":"binary-expr","locations":[{"start":{"line":118,"column":39},"end":{"line":118,"column":45}},{"start":{"line":118,"column":49},"end":{"line":118,"column":59}}],"line":118}},"s":{"0":0,"1":0,"2":0,"3":0,"4":0,"5":0,"6":0,"7":0,"8":0,"9":0,"10":0,"11":0,"12":0,"13":0,"14":0,"15":0,"16":0,"17":0,"18":0,"19":0,"20":0,"21":0,"22":0,"23":0,"24":0,"25":0,"26":0,"27":0,"28":0,"29":0,"30":0,"31":0,"32":0,"33":0,"34":0,"35":0,"36":0,"37":0,"38":0,"39":0,"40":0},"f":{"0":0,"1":0,"2":0,"3":0,"4":0,"5":0,"6":0,"7":0,"8":0,"9":0,"10":0,"11":0,"12":0},"b":{"0":[0,0],"1":[0,0],"2":[0,0]}}
,"D:\\TELERIK\\PROJECT 3\\chatter\\src\\components\\ChatBot\\ChatBotMessage.jsx": {"path":"D:\\TELERIK\\PROJECT 3\\chatter\\src\\components\\ChatBot\\ChatBotMessage.jsx","statementMap":{"0":{"start":{"line":5,"column":23},"end":{"line":26,"column":1}},"1":{"start":{"line":7,"column":23},"end":{"line":7,"column":45}},"2":{"start":{"line":8,"column":30},"end":{"line":8,"column":103}},"3":{"start":{"line":9,"column":36},"end":{"line":9,"column":104}},"4":{"start":{"line":11,"column":2},"end":{"line":25,"column":4}}},"fnMap":{"0":{"name":"(anonymous_0)","decl":{"start":{"line":5,"column":23},"end":{"line":5,"column":24}},"loc":{"start":{"line":5,"column":40},"end":{"line":26,"column":1}},"line":5}},"branchMap":{"0":{"loc":{"start":{"line":8,"column":39},"end":{"line":8,"column":102}},"type":"cond-expr","locations":[{"start":{"line":8,"column":76},"end":{"line":8,"column":91}},{"start":{"line":8,"column":94},"end":{"line":8,"column":102}}],"line":8},"1":{"loc":{"start":{"line":13,"column":22},"end":{"line":13,"column":94}},"type":"cond-expr","locations":[{"start":{"line":13,"column":59},"end":{"line":13,"column":76}},{"start":{"line":13,"column":79},"end":{"line":13,"column":94}}],"line":13},"2":{"loc":{"start":{"line":16,"column":63},"end":{"line":16,"column":133}},"type":"cond-expr","locations":[{"start":{"line":16,"column":100},"end":{"line":16,"column":117}},{"start":{"line":16,"column":120},"end":{"line":16,"column":133}}],"line":16}},"s":{"0":0,"1":0,"2":0,"3":0,"4":0},"f":{"0":0},"b":{"0":[0,0],"1":[0,0],"2":[0,0]}}
,"D:\\TELERIK\\PROJECT 3\\chatter\\src\\components\\ChatBot\\Typing.jsx": {"path":"D:\\TELERIK\\PROJECT 3\\chatter\\src\\components\\ChatBot\\Typing.jsx","statementMap":{"0":{"start":{"line":3,"column":15},"end":{"line":12,"column":1}},"1":{"start":{"line":5,"column":2},"end":{"line":11,"column":4}}},"fnMap":{"0":{"name":"(anonymous_0)","decl":{"start":{"line":3,"column":15},"end":{"line":3,"column":16}},"loc":{"start":{"line":3,"column":21},"end":{"line":12,"column":1}},"line":3}},"branchMap":{},"s":{"0":0,"1":0},"f":{"0":0},"b":{}}
,"D:\\TELERIK\\PROJECT 3\\chatter\\src\\components\\ChatBox\\ChatBox.jsx": {"path":"D:\\TELERIK\\PROJECT 3\\chatter\\src\\components\\ChatBox\\ChatBox.jsx","statementMap":{"0":{"start":{"line":35,"column":16},"end":{"line":360,"column":1}},"1":{"start":{"line":37,"column":49},"end":{"line":37,"column":60}},"2":{"start":{"line":38,"column":23},"end":{"line":38,"column":45}},"3":{"start":{"line":40,"column":46},"end":{"line":40,"column":61}},"4":{"start":{"line":41,"column":24},"end":{"line":41,"column":36}},"5":{"start":{"line":42,"column":34},"end":{"line":42,"column":46}},"6":{"start":{"line":43,"column":30},"end":{"line":43,"column":42}},"7":{"start":{"line":44,"column":34},"end":{"line":44,"column":49}},"8":{"start":{"line":45,"column":50},"end":{"line":45,"column":62}},"9":{"start":{"line":46,"column":24},"end":{"line":46,"column":36}},"10":{"start":{"line":47,"column":28},"end":{"line":47,"column":43}},"11":{"start":{"line":48,"column":34},"end":{"line":48,"column":49}},"12":{"start":{"line":49,"column":38},"end":{"line":49,"column":50}},"13":{"start":{"line":50,"column":38},"end":{"line":50,"column":50}},"14":{"start":{"line":51,"column":36},"end":{"line":51,"column":51}},"15":{"start":{"line":53,"column":20},"end":{"line":53,"column":32}},"16":{"start":{"line":55,"column":2},"end":{"line":57,"column":18}},"17":{"start":{"line":56,"column":4},"end":{"line":56,"column":35}},"18":{"start":{"line":59,"column":25},"end":{"line":62,"column":3}},"19":{"start":{"line":60,"column":17},"end":{"line":60,"column":48}},"20":{"start":{"line":61,"column":4},"end":{"line":61,"column":40}},"21":{"start":{"line":64,"column":17},"end":{"line":70,"column":3}},"22":{"start":{"line":65,"column":54},"end":{"line":65,"column":71}},"23":{"start":{"line":67,"column":4},"end":{"line":69,"column":5}},"24":{"start":{"line":68,"column":6},"end":{"line":68,"column":51}},"25":{"start":{"line":72,"column":2},"end":{"line":83,"column":17}},"26":{"start":{"line":74,"column":4},"end":{"line":74,"column":13}},"27":{"start":{"line":76,"column":4},"end":{"line":78,"column":5}},"28":{"start":{"line":77,"column":6},"end":{"line":77,"column":58}},"29":{"start":{"line":80,"column":4},"end":{"line":82,"column":5}},"30":{"start":{"line":81,"column":6},"end":{"line":81,"column":41}},"31":{"start":{"line":85,"column":2},"end":{"line":108,"column":42}},"32":{"start":{"line":86,"column":4},"end":{"line":93,"column":5}},"33":{"start":{"line":87,"column":6},"end":{"line":92,"column":40}},"34":{"start":{"line":89,"column":10},"end":{"line":89,"column":47}},"35":{"start":{"line":91,"column":20},"end":{"line":91,"column":36}},"36":{"start":{"line":92,"column":22},"end":{"line":92,"column":38}},"37":{"start":{"line":95,"column":4},"end":{"line":100,"column":5}},"38":{"start":{"line":96,"column":6},"end":{"line":99,"column":40}},"39":{"start":{"line":97,"column":28},"end":{"line":97,"column":64}},"40":{"start":{"line":98,"column":20},"end":{"line":98,"column":36}},"41":{"start":{"line":99,"column":22},"end":{"line":99,"column":38}},"42":{"start":{"line":102,"column":4},"end":{"line":107,"column":5}},"43":{"start":{"line":103,"column":6},"end":{"line":106,"column":40}},"44":{"start":{"line":104,"column":28},"end":{"line":104,"column":64}},"45":{"start":{"line":105,"column":20},"end":{"line":105,"column":36}},"46":{"start":{"line":106,"column":22},"end":{"line":106,"column":38}},"47":{"start":{"line":110,"column":2},"end":{"line":137,"column":42}},"48":{"start":{"line":111,"column":4},"end":{"line":118,"column":5}},"49":{"start":{"line":112,"column":26},"end":{"line":115,"column":26}},"50":{"start":{"line":113,"column":24},"end":{"line":113,"column":63}},"51":{"start":{"line":114,"column":8},"end":{"line":114,"column":44}},"52":{"start":{"line":117,"column":6},"end":{"line":117,"column":33}},"53":{"start":{"line":117,"column":19},"end":{"line":117,"column":32}},"54":{"start":{"line":120,"column":4},"end":{"line":127,"column":5}},"55":{"start":{"line":121,"column":26},"end":{"line":124,"column":14}},"56":{"start":{"line":122,"column":24},"end":{"line":122,"column":63}},"57":{"start":{"line":123,"column":8},"end":{"line":123,"column":44}},"58":{"start":{"line":126,"column":6},"end":{"line":126,"column":33}},"59":{"start":{"line":126,"column":19},"end":{"line":126,"column":32}},"60":{"start":{"line":129,"column":4},"end":{"line":136,"column":5}},"61":{"start":{"line":130,"column":26},"end":{"line":133,"column":19}},"62":{"start":{"line":131,"column":24},"end":{"line":131,"column":63}},"63":{"start":{"line":132,"column":8},"end":{"line":132,"column":44}},"64":{"start":{"line":135,"column":6},"end":{"line":135,"column":31}},"65":{"start":{"line":135,"column":19},"end":{"line":135,"column":30}},"66":{"start":{"line":140,"column":20},"end":{"line":197,"column":3}},"67":{"start":{"line":141,"column":4},"end":{"line":141,"column":23}},"68":{"start":{"line":143,"column":4},"end":{"line":143,"column":43}},"69":{"start":{"line":143,"column":34},"end":{"line":143,"column":41}},"70":{"start":{"line":145,"column":4},"end":{"line":154,"column":5}},"71":{"start":{"line":146,"column":6},"end":{"line":153,"column":40}},"72":{"start":{"line":148,"column":10},"end":{"line":148,"column":29}},"73":{"start":{"line":149,"column":10},"end":{"line":149,"column":24}},"74":{"start":{"line":150,"column":10},"end":{"line":150,"column":21}},"75":{"start":{"line":151,"column":10},"end":{"line":151,"column":17}},"76":{"start":{"line":153,"column":22},"end":{"line":153,"column":38}},"77":{"start":{"line":156,"column":4},"end":{"line":164,"column":5}},"78":{"start":{"line":157,"column":6},"end":{"line":163,"column":40}},"79":{"start":{"line":159,"column":10},"end":{"line":159,"column":29}},"80":{"start":{"line":160,"column":10},"end":{"line":160,"column":24}},"81":{"start":{"line":161,"column":10},"end":{"line":161,"column":21}},"82":{"start":{"line":163,"column":22},"end":{"line":163,"column":38}},"83":{"start":{"line":166,"column":4},"end":{"line":171,"column":5}},"84":{"start":{"line":167,"column":6},"end":{"line":170,"column":40}},"85":{"start":{"line":168,"column":20},"end":{"line":168,"column":56}},"86":{"start":{"line":169,"column":20},"end":{"line":169,"column":30}},"87":{"start":{"line":170,"column":22},"end":{"line":170,"column":38}},"88":{"start":{"line":173,"column":4},"end":{"line":178,"column":5}},"89":{"start":{"line":174,"column":6},"end":{"line":177,"column":40}},"90":{"start":{"line":175,"column":20},"end":{"line":175,"column":38}},"91":{"start":{"line":176,"column":20},"end":{"line":176,"column":30}},"92":{"start":{"line":177,"column":22},"end":{"line":177,"column":38}},"93":{"start":{"line":180,"column":4},"end":{"line":184,"column":5}},"94":{"start":{"line":181,"column":6},"end":{"line":183,"column":40}},"95":{"start":{"line":182,"column":20},"end":{"line":182,"column":30}},"96":{"start":{"line":183,"column":22},"end":{"line":183,"column":38}},"97":{"start":{"line":186,"column":4},"end":{"line":194,"column":5}},"98":{"start":{"line":187,"column":6},"end":{"line":193,"column":40}},"99":{"start":{"line":189,"column":10},"end":{"line":189,"column":29}},"100":{"start":{"line":190,"column":10},"end":{"line":190,"column":24}},"101":{"start":{"line":191,"column":10},"end":{"line":191,"column":21}},"102":{"start":{"line":193,"column":22},"end":{"line":193,"column":38}},"103":{"start":{"line":196,"column":4},"end":{"line":196,"column":21}},"104":{"start":{"line":199,"column":20},"end":{"line":210,"column":3}},"105":{"start":{"line":200,"column":4},"end":{"line":200,"column":23}},"106":{"start":{"line":202,"column":4},"end":{"line":209,"column":5}},"107":{"start":{"line":203,"column":19},"end":{"line":203,"column":36}},"108":{"start":{"line":204,"column":6},"end":{"line":208,"column":15}},"109":{"start":{"line":205,"column":8},"end":{"line":205,"column":28}},"110":{"start":{"line":206,"column":8},"end":{"line":206,"column":19}},"111":{"start":{"line":207,"column":8},"end":{"line":207,"column":26}},"112":{"start":{"line":212,"column":2},"end":{"line":224,"column":15}},"113":{"start":{"line":213,"column":4},"end":{"line":216,"column":5}},"114":{"start":{"line":214,"column":6},"end":{"line":214,"column":22}},"115":{"start":{"line":215,"column":6},"end":{"line":215,"column":24}},"116":{"start":{"line":218,"column":4},"end":{"line":223,"column":5}},"117":{"start":{"line":219,"column":6},"end":{"line":219,"column":24}},"118":{"start":{"line":220,"column":6},"end":{"line":220,"column":25}},"119":{"start":{"line":221,"column":6},"end":{"line":221,"column":24}},"120":{"start":{"line":222,"column":6},"end":{"line":222,"column":24}},"121":{"start":{"line":226,"column":2},"end":{"line":230,"column":12}},"122":{"start":{"line":227,"column":4},"end":{"line":229,"column":5}},"123":{"start":{"line":228,"column":6},"end":{"line":228,"column":25}},"124":{"start":{"line":232,"column":2},"end":{"line":238,"column":19}},"125":{"start":{"line":233,"column":4},"end":{"line":237,"column":5}},"126":{"start":{"line":234,"column":6},"end":{"line":236,"column":40}},"127":{"start":{"line":235,"column":22},"end":{"line":235,"column":41}},"128":{"start":{"line":236,"column":22},"end":{"line":236,"column":38}},"129":{"start":{"line":240,"column":2},"end":{"line":359,"column":4}},"130":{"start":{"line":250,"column":12},"end":{"line":250,"column":99}},"131":{"start":{"line":257,"column":60},"end":{"line":257,"column":79}},"132":{"start":{"line":257,"column":80},"end":{"line":257,"column":93}},"133":{"start":{"line":262,"column":31},"end":{"line":262,"column":190}},"134":{"start":{"line":262,"column":145},"end":{"line":262,"column":180}},"135":{"start":{"line":266,"column":78},"end":{"line":266,"column":96}},"136":{"start":{"line":266,"column":97},"end":{"line":266,"column":108}},"137":{"start":{"line":266,"column":109},"end":{"line":266,"column":128}},"138":{"start":{"line":294,"column":37},"end":{"line":294,"column":59}},"139":{"start":{"line":298,"column":60},"end":{"line":298,"column":79}},"140":{"start":{"line":298,"column":80},"end":{"line":298,"column":98}},"141":{"start":{"line":301,"column":77},"end":{"line":301,"column":106}},"142":{"start":{"line":320,"column":18},"end":{"line":320,"column":53}},"143":{"start":{"line":321,"column":18},"end":{"line":321,"column":41}},"144":{"start":{"line":331,"column":68},"end":{"line":331,"column":102}},"145":{"start":{"line":351,"column":68},"end":{"line":351,"column":84}}},"fnMap":{"0":{"name":"(anonymous_0)","decl":{"start":{"line":35,"column":16},"end":{"line":35,"column":17}},"loc":{"start":{"line":35,"column":22},"end":{"line":360,"column":1}},"line":35},"1":{"name":"(anonymous_1)","decl":{"start":{"line":55,"column":12},"end":{"line":55,"column":13}},"loc":{"start":{"line":55,"column":18},"end":{"line":57,"column":3}},"line":55},"2":{"name":"(anonymous_2)","decl":{"start":{"line":59,"column":25},"end":{"line":59,"column":26}},"loc":{"start":{"line":59,"column":31},"end":{"line":62,"column":3}},"line":59},"3":{"name":"(anonymous_3)","decl":{"start":{"line":64,"column":17},"end":{"line":64,"column":18}},"loc":{"start":{"line":64,"column":23},"end":{"line":70,"column":3}},"line":64},"4":{"name":"(anonymous_4)","decl":{"start":{"line":72,"column":12},"end":{"line":72,"column":13}},"loc":{"start":{"line":72,"column":18},"end":{"line":83,"column":3}},"line":72},"5":{"name":"(anonymous_5)","decl":{"start":{"line":85,"column":12},"end":{"line":85,"column":13}},"loc":{"start":{"line":85,"column":18},"end":{"line":108,"column":3}},"line":85},"6":{"name":"(anonymous_6)","decl":{"start":{"line":88,"column":14},"end":{"line":88,"column":15}},"loc":{"start":{"line":88,"column":28},"end":{"line":90,"column":9}},"line":88},"7":{"name":"(anonymous_7)","decl":{"start":{"line":91,"column":14},"end":{"line":91,"column":15}},"loc":{"start":{"line":91,"column":20},"end":{"line":91,"column":36}},"line":91},"8":{"name":"(anonymous_8)","decl":{"start":{"line":92,"column":15},"end":{"line":92,"column":16}},"loc":{"start":{"line":92,"column":22},"end":{"line":92,"column":38}},"line":92},"9":{"name":"(anonymous_9)","decl":{"start":{"line":97,"column":14},"end":{"line":97,"column":15}},"loc":{"start":{"line":97,"column":28},"end":{"line":97,"column":64}},"line":97},"10":{"name":"(anonymous_10)","decl":{"start":{"line":98,"column":14},"end":{"line":98,"column":15}},"loc":{"start":{"line":98,"column":20},"end":{"line":98,"column":36}},"line":98},"11":{"name":"(anonymous_11)","decl":{"start":{"line":99,"column":15},"end":{"line":99,"column":16}},"loc":{"start":{"line":99,"column":22},"end":{"line":99,"column":38}},"line":99},"12":{"name":"(anonymous_12)","decl":{"start":{"line":104,"column":14},"end":{"line":104,"column":15}},"loc":{"start":{"line":104,"column":28},"end":{"line":104,"column":64}},"line":104},"13":{"name":"(anonymous_13)","decl":{"start":{"line":105,"column":14},"end":{"line":105,"column":15}},"loc":{"start":{"line":105,"column":20},"end":{"line":105,"column":36}},"line":105},"14":{"name":"(anonymous_14)","decl":{"start":{"line":106,"column":15},"end":{"line":106,"column":16}},"loc":{"start":{"line":106,"column":22},"end":{"line":106,"column":38}},"line":106},"15":{"name":"(anonymous_15)","decl":{"start":{"line":110,"column":12},"end":{"line":110,"column":13}},"loc":{"start":{"line":110,"column":18},"end":{"line":137,"column":3}},"line":110},"16":{"name":"(anonymous_16)","decl":{"start":{"line":112,"column":42},"end":{"line":112,"column":43}},"loc":{"start":{"line":112,"column":56},"end":{"line":115,"column":7}},"line":112},"17":{"name":"(anonymous_17)","decl":{"start":{"line":117,"column":13},"end":{"line":117,"column":14}},"loc":{"start":{"line":117,"column":19},"end":{"line":117,"column":32}},"line":117},"18":{"name":"(anonymous_18)","decl":{"start":{"line":121,"column":48},"end":{"line":121,"column":49}},"loc":{"start":{"line":121,"column":62},"end":{"line":124,"column":7}},"line":121},"19":{"name":"(anonymous_19)","decl":{"start":{"line":126,"column":13},"end":{"line":126,"column":14}},"loc":{"start":{"line":126,"column":19},"end":{"line":126,"column":32}},"line":126},"20":{"name":"(anonymous_20)","decl":{"start":{"line":130,"column":49},"end":{"line":130,"column":50}},"loc":{"start":{"line":130,"column":61},"end":{"line":133,"column":7}},"line":130},"21":{"name":"(anonymous_21)","decl":{"start":{"line":135,"column":13},"end":{"line":135,"column":14}},"loc":{"start":{"line":135,"column":19},"end":{"line":135,"column":30}},"line":135},"22":{"name":"(anonymous_22)","decl":{"start":{"line":140,"column":20},"end":{"line":140,"column":21}},"loc":{"start":{"line":140,"column":27},"end":{"line":197,"column":3}},"line":140},"23":{"name":"(anonymous_23)","decl":{"start":{"line":147,"column":14},"end":{"line":147,"column":15}},"loc":{"start":{"line":147,"column":20},"end":{"line":152,"column":9}},"line":147},"24":{"name":"(anonymous_24)","decl":{"start":{"line":153,"column":15},"end":{"line":153,"column":16}},"loc":{"start":{"line":153,"column":22},"end":{"line":153,"column":38}},"line":153},"25":{"name":"(anonymous_25)","decl":{"start":{"line":158,"column":14},"end":{"line":158,"column":15}},"loc":{"start":{"line":158,"column":20},"end":{"line":162,"column":9}},"line":158},"26":{"name":"(anonymous_26)","decl":{"start":{"line":163,"column":15},"end":{"line":163,"column":16}},"loc":{"start":{"line":163,"column":22},"end":{"line":163,"column":38}},"line":163},"27":{"name":"(anonymous_27)","decl":{"start":{"line":168,"column":14},"end":{"line":168,"column":15}},"loc":{"start":{"line":168,"column":20},"end":{"line":168,"column":56}},"line":168},"28":{"name":"(anonymous_28)","decl":{"start":{"line":169,"column":14},"end":{"line":169,"column":15}},"loc":{"start":{"line":169,"column":20},"end":{"line":169,"column":30}},"line":169},"29":{"name":"(anonymous_29)","decl":{"start":{"line":170,"column":15},"end":{"line":170,"column":16}},"loc":{"start":{"line":170,"column":22},"end":{"line":170,"column":38}},"line":170},"30":{"name":"(anonymous_30)","decl":{"start":{"line":175,"column":14},"end":{"line":175,"column":15}},"loc":{"start":{"line":175,"column":20},"end":{"line":175,"column":38}},"line":175},"31":{"name":"(anonymous_31)","decl":{"start":{"line":176,"column":14},"end":{"line":176,"column":15}},"loc":{"start":{"line":176,"column":20},"end":{"line":176,"column":30}},"line":176},"32":{"name":"(anonymous_32)","decl":{"start":{"line":177,"column":15},"end":{"line":177,"column":16}},"loc":{"start":{"line":177,"column":22},"end":{"line":177,"column":38}},"line":177},"33":{"name":"(anonymous_33)","decl":{"start":{"line":182,"column":14},"end":{"line":182,"column":15}},"loc":{"start":{"line":182,"column":20},"end":{"line":182,"column":30}},"line":182},"34":{"name":"(anonymous_34)","decl":{"start":{"line":183,"column":15},"end":{"line":183,"column":16}},"loc":{"start":{"line":183,"column":22},"end":{"line":183,"column":38}},"line":183},"35":{"name":"(anonymous_35)","decl":{"start":{"line":188,"column":14},"end":{"line":188,"column":15}},"loc":{"start":{"line":188,"column":20},"end":{"line":192,"column":9}},"line":188},"36":{"name":"(anonymous_36)","decl":{"start":{"line":193,"column":15},"end":{"line":193,"column":16}},"loc":{"start":{"line":193,"column":22},"end":{"line":193,"column":38}},"line":193},"37":{"name":"(anonymous_37)","decl":{"start":{"line":199,"column":20},"end":{"line":199,"column":21}},"loc":{"start":{"line":199,"column":27},"end":{"line":210,"column":3}},"line":199},"38":{"name":"(anonymous_38)","decl":{"start":{"line":204,"column":25},"end":{"line":204,"column":26}},"loc":{"start":{"line":204,"column":37},"end":{"line":208,"column":7}},"line":204},"39":{"name":"(anonymous_39)","decl":{"start":{"line":212,"column":12},"end":{"line":212,"column":13}},"loc":{"start":{"line":212,"column":18},"end":{"line":224,"column":3}},"line":212},"40":{"name":"(anonymous_40)","decl":{"start":{"line":226,"column":12},"end":{"line":226,"column":13}},"loc":{"start":{"line":226,"column":18},"end":{"line":230,"column":3}},"line":226},"41":{"name":"(anonymous_41)","decl":{"start":{"line":232,"column":12},"end":{"line":232,"column":13}},"loc":{"start":{"line":232,"column":18},"end":{"line":238,"column":3}},"line":232},"42":{"name":"(anonymous_42)","decl":{"start":{"line":235,"column":14},"end":{"line":235,"column":15}},"loc":{"start":{"line":235,"column":22},"end":{"line":235,"column":41}},"line":235},"43":{"name":"(anonymous_43)","decl":{"start":{"line":236,"column":15},"end":{"line":236,"column":16}},"loc":{"start":{"line":236,"column":22},"end":{"line":236,"column":38}},"line":236},"44":{"name":"(anonymous_44)","decl":{"start":{"line":249,"column":25},"end":{"line":249,"column":26}},"loc":{"start":{"line":250,"column":12},"end":{"line":250,"column":99}},"line":250},"45":{"name":"(anonymous_45)","decl":{"start":{"line":257,"column":52},"end":{"line":257,"column":53}},"loc":{"start":{"line":257,"column":58},"end":{"line":257,"column":95}},"line":257},"46":{"name":"(anonymous_46)","decl":{"start":{"line":262,"column":24},"end":{"line":262,"column":25}},"loc":{"start":{"line":262,"column":31},"end":{"line":262,"column":190}},"line":262},"47":{"name":"(anonymous_47)","decl":{"start":{"line":262,"column":139},"end":{"line":262,"column":140}},"loc":{"start":{"line":262,"column":145},"end":{"line":262,"column":180}},"line":262},"48":{"name":"(anonymous_48)","decl":{"start":{"line":266,"column":70},"end":{"line":266,"column":71}},"loc":{"start":{"line":266,"column":76},"end":{"line":266,"column":130}},"line":266},"49":{"name":"(anonymous_49)","decl":{"start":{"line":294,"column":30},"end":{"line":294,"column":31}},"loc":{"start":{"line":294,"column":37},"end":{"line":294,"column":59}},"line":294},"50":{"name":"(anonymous_50)","decl":{"start":{"line":298,"column":52},"end":{"line":298,"column":53}},"loc":{"start":{"line":298,"column":58},"end":{"line":298,"column":100}},"line":298},"51":{"name":"(anonymous_51)","decl":{"start":{"line":301,"column":72},"end":{"line":301,"column":73}},"loc":{"start":{"line":301,"column":77},"end":{"line":301,"column":106}},"line":301},"52":{"name":"(anonymous_52)","decl":{"start":{"line":319,"column":66},"end":{"line":319,"column":67}},"loc":{"start":{"line":319,"column":73},"end":{"line":322,"column":17}},"line":319},"53":{"name":"(anonymous_53)","decl":{"start":{"line":331,"column":62},"end":{"line":331,"column":63}},"loc":{"start":{"line":331,"column":68},"end":{"line":331,"column":102}},"line":331},"54":{"name":"(anonymous_54)","decl":{"start":{"line":351,"column":62},"end":{"line":351,"column":63}},"loc":{"start":{"line":351,"column":68},"end":{"line":351,"column":84}},"line":351}},"branchMap":{"0":{"loc":{"start":{"line":67,"column":4},"end":{"line":69,"column":5}},"type":"if","locations":[{"start":{"line":67,"column":4},"end":{"line":69,"column":5}},{"start":{},"end":{}}],"line":67},"1":{"loc":{"start":{"line":76,"column":4},"end":{"line":78,"column":5}},"type":"if","locations":[{"start":{"line":76,"column":4},"end":{"line":78,"column":5}},{"start":{},"end":{}}],"line":76},"2":{"loc":{"start":{"line":80,"column":4},"end":{"line":82,"column":5}},"type":"if","locations":[{"start":{"line":80,"column":4},"end":{"line":82,"column":5}},{"start":{},"end":{}}],"line":80},"3":{"loc":{"start":{"line":86,"column":4},"end":{"line":93,"column":5}},"type":"if","locations":[{"start":{"line":86,"column":4},"end":{"line":93,"column":5}},{"start":{},"end":{}}],"line":86},"4":{"loc":{"start":{"line":95,"column":4},"end":{"line":100,"column":5}},"type":"if","locations":[{"start":{"line":95,"column":4},"end":{"line":100,"column":5}},{"start":{},"end":{}}],"line":95},"5":{"loc":{"start":{"line":102,"column":4},"end":{"line":107,"column":5}},"type":"if","locations":[{"start":{"line":102,"column":4},"end":{"line":107,"column":5}},{"start":{},"end":{}}],"line":102},"6":{"loc":{"start":{"line":111,"column":4},"end":{"line":118,"column":5}},"type":"if","locations":[{"start":{"line":111,"column":4},"end":{"line":118,"column":5}},{"start":{},"end":{}}],"line":111},"7":{"loc":{"start":{"line":113,"column":24},"end":{"line":113,"column":63}},"type":"cond-expr","locations":[{"start":{"line":113,"column":44},"end":{"line":113,"column":58}},{"start":{"line":113,"column":61},"end":{"line":113,"column":63}}],"line":113},"8":{"loc":{"start":{"line":120,"column":4},"end":{"line":127,"column":5}},"type":"if","locations":[{"start":{"line":120,"column":4},"end":{"line":127,"column":5}},{"start":{},"end":{}}],"line":120},"9":{"loc":{"start":{"line":122,"column":24},"end":{"line":122,"column":63}},"type":"cond-expr","locations":[{"start":{"line":122,"column":44},"end":{"line":122,"column":58}},{"start":{"line":122,"column":61},"end":{"line":122,"column":63}}],"line":122},"10":{"loc":{"start":{"line":129,"column":4},"end":{"line":136,"column":5}},"type":"if","locations":[{"start":{"line":129,"column":4},"end":{"line":136,"column":5}},{"start":{},"end":{}}],"line":129},"11":{"loc":{"start":{"line":131,"column":24},"end":{"line":131,"column":63}},"type":"cond-expr","locations":[{"start":{"line":131,"column":44},"end":{"line":131,"column":58}},{"start":{"line":131,"column":61},"end":{"line":131,"column":63}}],"line":131},"12":{"loc":{"start":{"line":143,"column":4},"end":{"line":143,"column":43}},"type":"if","locations":[{"start":{"line":143,"column":4},"end":{"line":143,"column":43}},{"start":{},"end":{}}],"line":143},"13":{"loc":{"start":{"line":143,"column":8},"end":{"line":143,"column":30}},"type":"binary-expr","locations":[{"start":{"line":143,"column":8},"end":{"line":143,"column":19}},{"start":{"line":143,"column":23},"end":{"line":143,"column":30}}],"line":143},"14":{"loc":{"start":{"line":145,"column":4},"end":{"line":154,"column":5}},"type":"if","locations":[{"start":{"line":145,"column":4},"end":{"line":154,"column":5}},{"start":{},"end":{}}],"line":145},"15":{"loc":{"start":{"line":145,"column":8},"end":{"line":145,"column":27}},"type":"binary-expr","locations":[{"start":{"line":145,"column":8},"end":{"line":145,"column":14}},{"start":{"line":145,"column":18},"end":{"line":145,"column":27}}],"line":145},"16":{"loc":{"start":{"line":156,"column":4},"end":{"line":164,"column":5}},"type":"if","locations":[{"start":{"line":156,"column":4},"end":{"line":164,"column":5}},{"start":{},"end":{}}],"line":156},"17":{"loc":{"start":{"line":156,"column":8},"end":{"line":156,"column":22}},"type":"binary-expr","locations":[{"start":{"line":156,"column":8},"end":{"line":156,"column":14}},{"start":{"line":156,"column":18},"end":{"line":156,"column":22}}],"line":156},"18":{"loc":{"start":{"line":166,"column":4},"end":{"line":171,"column":5}},"type":"if","locations":[{"start":{"line":166,"column":4},"end":{"line":171,"column":5}},{"start":{},"end":{}}],"line":166},"19":{"loc":{"start":{"line":166,"column":8},"end":{"line":166,"column":35}},"type":"binary-expr","locations":[{"start":{"line":166,"column":8},"end":{"line":166,"column":17}},{"start":{"line":166,"column":21},"end":{"line":166,"column":24}},{"start":{"line":166,"column":28},"end":{"line":166,"column":35}}],"line":166},"20":{"loc":{"start":{"line":173,"column":4},"end":{"line":178,"column":5}},"type":"if","locations":[{"start":{"line":173,"column":4},"end":{"line":178,"column":5}},{"start":{},"end":{}}],"line":173},"21":{"loc":{"start":{"line":173,"column":8},"end":{"line":173,"column":30}},"type":"binary-expr","locations":[{"start":{"line":173,"column":8},"end":{"line":173,"column":12}},{"start":{"line":173,"column":16},"end":{"line":173,"column":19}},{"start":{"line":173,"column":23},"end":{"line":173,"column":30}}],"line":173},"22":{"loc":{"start":{"line":180,"column":4},"end":{"line":184,"column":5}},"type":"if","locations":[{"start":{"line":180,"column":4},"end":{"line":184,"column":5}},{"start":{},"end":{}}],"line":180},"23":{"loc":{"start":{"line":180,"column":8},"end":{"line":180,"column":35}},"type":"binary-expr","locations":[{"start":{"line":180,"column":8},"end":{"line":180,"column":17}},{"start":{"line":180,"column":21},"end":{"line":180,"column":24}},{"start":{"line":180,"column":28},"end":{"line":180,"column":35}}],"line":180},"24":{"loc":{"start":{"line":186,"column":4},"end":{"line":194,"column":5}},"type":"if","locations":[{"start":{"line":186,"column":4},"end":{"line":194,"column":5}},{"start":{},"end":{}}],"line":186},"25":{"loc":{"start":{"line":186,"column":8},"end":{"line":186,"column":27}},"type":"binary-expr","locations":[{"start":{"line":186,"column":8},"end":{"line":186,"column":17}},{"start":{"line":186,"column":21},"end":{"line":186,"column":27}}],"line":186},"26":{"loc":{"start":{"line":202,"column":4},"end":{"line":209,"column":5}},"type":"if","locations":[{"start":{"line":202,"column":4},"end":{"line":209,"column":5}},{"start":{},"end":{}}],"line":202},"27":{"loc":{"start":{"line":213,"column":4},"end":{"line":216,"column":5}},"type":"if","locations":[{"start":{"line":213,"column":4},"end":{"line":216,"column":5}},{"start":{},"end":{}}],"line":213},"28":{"loc":{"start":{"line":213,"column":8},"end":{"line":213,"column":23}},"type":"binary-expr","locations":[{"start":{"line":213,"column":8},"end":{"line":213,"column":14}},{"start":{"line":213,"column":18},"end":{"line":213,"column":23}}],"line":213},"29":{"loc":{"start":{"line":218,"column":4},"end":{"line":223,"column":5}},"type":"if","locations":[{"start":{"line":218,"column":4},"end":{"line":223,"column":5}},{"start":{},"end":{}}],"line":218},"30":{"loc":{"start":{"line":218,"column":8},"end":{"line":218,"column":28}},"type":"binary-expr","locations":[{"start":{"line":218,"column":8},"end":{"line":218,"column":14}},{"start":{"line":218,"column":18},"end":{"line":218,"column":28}}],"line":218},"31":{"loc":{"start":{"line":227,"column":4},"end":{"line":229,"column":5}},"type":"if","locations":[{"start":{"line":227,"column":4},"end":{"line":229,"column":5}},{"start":{},"end":{}}],"line":227},"32":{"loc":{"start":{"line":233,"column":4},"end":{"line":237,"column":5}},"type":"if","locations":[{"start":{"line":233,"column":4},"end":{"line":237,"column":5}},{"start":{},"end":{}}],"line":233},"33":{"loc":{"start":{"line":248,"column":9},"end":{"line":252,"column":16}},"type":"cond-expr","locations":[{"start":{"line":249,"column":12},"end":{"line":251,"column":12}},{"start":{"line":252,"column":12},"end":{"line":252,"column":16}}],"line":248},"34":{"loc":{"start":{"line":255,"column":7},"end":{"line":260,"column":12}},"type":"binary-expr","locations":[{"start":{"line":255,"column":7},"end":{"line":255,"column":15}},{"start":{"line":255,"column":19},"end":{"line":260,"column":12}}],"line":255},"35":{"loc":{"start":{"line":261,"column":7},"end":{"line":263,"column":12}},"type":"binary-expr","locations":[{"start":{"line":261,"column":7},"end":{"line":261,"column":30}},{"start":{"line":261,"column":34},"end":{"line":263,"column":12}}],"line":261},"36":{"loc":{"start":{"line":265,"column":7},"end":{"line":269,"column":12}},"type":"binary-expr","locations":[{"start":{"line":265,"column":7},"end":{"line":265,"column":16}},{"start":{"line":265,"column":20},"end":{"line":269,"column":12}}],"line":265},"37":{"loc":{"start":{"line":271,"column":7},"end":{"line":271,"column":123}},"type":"binary-expr","locations":[{"start":{"line":271,"column":7},"end":{"line":271,"column":12}},{"start":{"line":271,"column":16},"end":{"line":271,"column":123}}],"line":271},"38":{"loc":{"start":{"line":273,"column":7},"end":{"line":357,"column":21}},"type":"cond-expr","locations":[{"start":{"line":275,"column":8},"end":{"line":357,"column":14}},{"start":{"line":357,"column":17},"end":{"line":357,"column":21}}],"line":273},"39":{"loc":{"start":{"line":273,"column":7},"end":{"line":273,"column":44}},"type":"binary-expr","locations":[{"start":{"line":273,"column":7},"end":{"line":273,"column":23}},{"start":{"line":273,"column":27},"end":{"line":273,"column":31}},{"start":{"line":273,"column":35},"end":{"line":273,"column":44}}],"line":273},"40":{"loc":{"start":{"line":287,"column":17},"end":{"line":304,"column":24}},"type":"cond-expr","locations":[{"start":{"line":288,"column":18},"end":{"line":295,"column":20}},{"start":{"line":297,"column":18},"end":{"line":304,"column":24}}],"line":287},"41":{"loc":{"start":{"line":312,"column":45},"end":{"line":312,"column":76}},"type":"cond-expr","locations":[{"start":{"line":312,"column":63},"end":{"line":312,"column":65}},{"start":{"line":312,"column":68},"end":{"line":312,"column":76}}],"line":312}},"s":{"0":0,"1":0,"2":0,"3":0,"4":0,"5":0,"6":0,"7":0,"8":0,"9":0,"10":0,"11":0,"12":0,"13":0,"14":0,"15":0,"16":0,"17":0,"18":0,"19":0,"20":0,"21":0,"22":0,"23":0,"24":0,"25":0,"26":0,"27":0,"28":0,"29":0,"30":0,"31":0,"32":0,"33":0,"34":0,"35":0,"36":0,"37":0,"38":0,"39":0,"40":0,"41":0,"42":0,"43":0,"44":0,"45":0,"46":0,"47":0,"48":0,"49":0,"50":0,"51":0,"52":0,"53":0,"54":0,"55":0,"56":0,"57":0,"58":0,"59":0,"60":0,"61":0,"62":0,"63":0,"64":0,"65":0,"66":0,"67":0,"68":0,"69":0,"70":0,"71":0,"72":0,"73":0,"74":0,"75":0,"76":0,"77":0,"78":0,"79":0,"80":0,"81":0,"82":0,"83":0,"84":0,"85":0,"86":0,"87":0,"88":0,"89":0,"90":0,"91":0,"92":0,"93":0,"94":0,"95":0,"96":0,"97":0,"98":0,"99":0,"100":0,"101":0,"102":0,"103":0,"104":0,"105":0,"106":0,"107":0,"108":0,"109":0,"110":0,"111":0,"112":0,"113":0,"114":0,"115":0,"116":0,"117":0,"118":0,"119":0,"120":0,"121":0,"122":0,"123":0,"124":0,"125":0,"126":0,"127":0,"128":0,"129":0,"130":0,"131":0,"132":0,"133":0,"134":0,"135":0,"136":0,"137":0,"138":0,"139":0,"140":0,"141":0,"142":0,"143":0,"144":0,"145":0},"f":{"0":0,"1":0,"2":0,"3":0,"4":0,"5":0,"6":0,"7":0,"8":0,"9":0,"10":0,"11":0,"12":0,"13":0,"14":0,"15":0,"16":0,"17":0,"18":0,"19":0,"20":0,"21":0,"22":0,"23":0,"24":0,"25":0,"26":0,"27":0,"28":0,"29":0,"30":0,"31":0,"32":0,"33":0,"34":0,"35":0,"36":0,"37":0,"38":0,"39":0,"40":0,"41":0,"42":0,"43":0,"44":0,"45":0,"46":0,"47":0,"48":0,"49":0,"50":0,"51":0,"52":0,"53":0,"54":0},"b":{"0":[0,0],"1":[0,0],"2":[0,0],"3":[0,0],"4":[0,0],"5":[0,0],"6":[0,0],"7":[0,0],"8":[0,0],"9":[0,0],"10":[0,0],"11":[0,0],"12":[0,0],"13":[0,0],"14":[0,0],"15":[0,0],"16":[0,0],"17":[0,0],"18":[0,0],"19":[0,0,0],"20":[0,0],"21":[0,0,0],"22":[0,0],"23":[0,0,0],"24":[0,0],"25":[0,0],"26":[0,0],"27":[0,0],"28":[0,0],"29":[0,0],"30":[0,0],"31":[0,0],"32":[0,0],"33":[0,0],"34":[0,0],"35":[0,0],"36":[0,0],"37":[0,0],"38":[0,0],"39":[0,0,0],"40":[0,0],"41":[0,0]}}
,"D:\\TELERIK\\PROJECT 3\\chatter\\src\\components\\ChatTopBar\\ChatTopBar.jsx": {"path":"D:\\TELERIK\\PROJECT 3\\chatter\\src\\components\\ChatTopBar\\ChatTopBar.jsx","statementMap":{"0":{"start":{"line":8,"column":19},"end":{"line":54,"column":1}},"1":{"start":{"line":10,"column":30},"end":{"line":10,"column":41}},"2":{"start":{"line":12,"column":23},"end":{"line":12,"column":45}},"3":{"start":{"line":14,"column":40},"end":{"line":14,"column":52}},"4":{"start":{"line":15,"column":32},"end":{"line":15,"column":44}},"5":{"start":{"line":17,"column":2},"end":{"line":29,"column":24}},"6":{"start":{"line":18,"column":4},"end":{"line":22,"column":5}},"7":{"start":{"line":19,"column":6},"end":{"line":21,"column":40}},"8":{"start":{"line":20,"column":27},"end":{"line":20,"column":55}},"9":{"start":{"line":21,"column":22},"end":{"line":21,"column":38}},"10":{"start":{"line":24,"column":4},"end":{"line":28,"column":5}},"11":{"start":{"line":25,"column":6},"end":{"line":27,"column":40}},"12":{"start":{"line":26,"column":22},"end":{"line":26,"column":102}},"13":{"start":{"line":26,"column":74},"end":{"line":26,"column":100}},"14":{"start":{"line":27,"column":22},"end":{"line":27,"column":38}},"15":{"start":{"line":31,"column":2},"end":{"line":53,"column":4}}},"fnMap":{"0":{"name":"(anonymous_0)","decl":{"start":{"line":8,"column":19},"end":{"line":8,"column":20}},"loc":{"start":{"line":8,"column":36},"end":{"line":54,"column":1}},"line":8},"1":{"name":"(anonymous_1)","decl":{"start":{"line":17,"column":12},"end":{"line":17,"column":13}},"loc":{"start":{"line":17,"column":18},"end":{"line":29,"column":3}},"line":17},"2":{"name":"(anonymous_2)","decl":{"start":{"line":20,"column":14},"end":{"line":20,"column":15}},"loc":{"start":{"line":20,"column":27},"end":{"line":20,"column":55}},"line":20},"3":{"name":"(anonymous_3)","decl":{"start":{"line":21,"column":15},"end":{"line":21,"column":16}},"loc":{"start":{"line":21,"column":22},"end":{"line":21,"column":38}},"line":21},"4":{"name":"(anonymous_4)","decl":{"start":{"line":26,"column":14},"end":{"line":26,"column":15}},"loc":{"start":{"line":26,"column":22},"end":{"line":26,"column":102}},"line":26},"5":{"name":"(anonymous_5)","decl":{"start":{"line":26,"column":64},"end":{"line":26,"column":65}},"loc":{"start":{"line":26,"column":74},"end":{"line":26,"column":100}},"line":26},"6":{"name":"(anonymous_6)","decl":{"start":{"line":27,"column":15},"end":{"line":27,"column":16}},"loc":{"start":{"line":27,"column":22},"end":{"line":27,"column":38}},"line":27}},"branchMap":{"0":{"loc":{"start":{"line":18,"column":4},"end":{"line":22,"column":5}},"type":"if","locations":[{"start":{"line":18,"column":4},"end":{"line":22,"column":5}},{"start":{},"end":{}}],"line":18},"1":{"loc":{"start":{"line":24,"column":4},"end":{"line":28,"column":5}},"type":"if","locations":[{"start":{"line":24,"column":4},"end":{"line":28,"column":5}},{"start":{},"end":{}}],"line":24},"2":{"loc":{"start":{"line":34,"column":9},"end":{"line":37,"column":15}},"type":"binary-expr","locations":[{"start":{"line":34,"column":9},"end":{"line":34,"column":18}},{"start":{"line":35,"column":10},"end":{"line":37,"column":15}}],"line":34},"3":{"loc":{"start":{"line":39,"column":9},"end":{"line":42,"column":15}},"type":"binary-expr","locations":[{"start":{"line":39,"column":9},"end":{"line":39,"column":13}},{"start":{"line":40,"column":10},"end":{"line":42,"column":15}}],"line":39},"4":{"loc":{"start":{"line":41,"column":13},"end":{"line":41,"column":62}},"type":"cond-expr","locations":[{"start":{"line":41,"column":34},"end":{"line":41,"column":52}},{"start":{"line":41,"column":55},"end":{"line":41,"column":62}}],"line":41},"5":{"loc":{"start":{"line":44,"column":9},"end":{"line":47,"column":15}},"type":"binary-expr","locations":[{"start":{"line":44,"column":9},"end":{"line":44,"column":16}},{"start":{"line":45,"column":10},"end":{"line":47,"column":15}}],"line":44}},"s":{"0":0,"1":0,"2":0,"3":0,"4":0,"5":0,"6":0,"7":0,"8":0,"9":0,"10":0,"11":0,"12":0,"13":0,"14":0,"15":0},"f":{"0":0,"1":0,"2":0,"3":0,"4":0,"5":0,"6":0},"b":{"0":[0,0],"1":[0,0],"2":[0,0],"3":[0,0],"4":[0,0],"5":[0,0]}}
,"D:\\TELERIK\\PROJECT 3\\chatter\\src\\components\\ContextMenu\\ContextMenu.jsx": {"path":"D:\\TELERIK\\PROJECT 3\\chatter\\src\\components\\ContextMenu\\ContextMenu.jsx","statementMap":{"0":{"start":{"line":6,"column":20},"end":{"line":58,"column":1}},"1":{"start":{"line":8,"column":23},"end":{"line":8,"column":45}},"2":{"start":{"line":10,"column":36},"end":{"line":10,"column":51}},"3":{"start":{"line":11,"column":32},"end":{"line":11,"column":44}},"4":{"start":{"line":12,"column":40},"end":{"line":12,"column":58}},"5":{"start":{"line":14,"column":2},"end":{"line":27,"column":30}},"6":{"start":{"line":15,"column":31},"end":{"line":20,"column":5}},"7":{"start":{"line":16,"column":20},"end":{"line":16,"column":59}},"8":{"start":{"line":17,"column":6},"end":{"line":19,"column":7}},"9":{"start":{"line":18,"column":8},"end":{"line":18,"column":37}},"10":{"start":{"line":22,"column":4},"end":{"line":22,"column":63}},"11":{"start":{"line":24,"column":4},"end":{"line":26,"column":6}},"12":{"start":{"line":25,"column":6},"end":{"line":25,"column":68}},"13":{"start":{"line":29,"column":2},"end":{"line":33,"column":17}},"14":{"start":{"line":30,"column":24},"end":{"line":30,"column":97}},"15":{"start":{"line":30,"column":50},"end":{"line":30,"column":77}},"16":{"start":{"line":32,"column":4},"end":{"line":32,"column":31}},"17":{"start":{"line":32,"column":17},"end":{"line":32,"column":30}},"18":{"start":{"line":35,"column":2},"end":{"line":57,"column":4}},"19":{"start":{"line":41,"column":14},"end":{"line":41,"column":33}},"20":{"start":{"line":42,"column":14},"end":{"line":42,"column":43}},"21":{"start":{"line":45,"column":103},"end":{"line":45,"column":122}},"22":{"start":{"line":45,"column":123},"end":{"line":45,"column":153}},"23":{"start":{"line":48,"column":35},"end":{"line":48,"column":54}},"24":{"start":{"line":48,"column":55},"end":{"line":48,"column":93}},"25":{"start":{"line":50,"column":44},"end":{"line":50,"column":63}},"26":{"start":{"line":50,"column":64},"end":{"line":50,"column":95}},"27":{"start":{"line":51,"column":69},"end":{"line":51,"column":93}},"28":{"start":{"line":52,"column":68},"end":{"line":52,"column":92}}},"fnMap":{"0":{"name":"(anonymous_0)","decl":{"start":{"line":6,"column":20},"end":{"line":6,"column":21}},"loc":{"start":{"line":6,"column":183},"end":{"line":58,"column":1}},"line":6},"1":{"name":"(anonymous_1)","decl":{"start":{"line":14,"column":12},"end":{"line":14,"column":13}},"loc":{"start":{"line":14,"column":18},"end":{"line":27,"column":3}},"line":14},"2":{"name":"(anonymous_2)","decl":{"start":{"line":15,"column":31},"end":{"line":15,"column":32}},"loc":{"start":{"line":15,"column":42},"end":{"line":20,"column":5}},"line":15},"3":{"name":"(anonymous_3)","decl":{"start":{"line":24,"column":11},"end":{"line":24,"column":12}},"loc":{"start":{"line":24,"column":17},"end":{"line":26,"column":5}},"line":24},"4":{"name":"(anonymous_4)","decl":{"start":{"line":29,"column":12},"end":{"line":29,"column":13}},"loc":{"start":{"line":29,"column":18},"end":{"line":33,"column":3}},"line":29},"5":{"name":"(anonymous_5)","decl":{"start":{"line":30,"column":40},"end":{"line":30,"column":41}},"loc":{"start":{"line":30,"column":48},"end":{"line":30,"column":79}},"line":30},"6":{"name":"(anonymous_6)","decl":{"start":{"line":32,"column":11},"end":{"line":32,"column":12}},"loc":{"start":{"line":32,"column":17},"end":{"line":32,"column":30}},"line":32},"7":{"name":"(anonymous_7)","decl":{"start":{"line":40,"column":27},"end":{"line":40,"column":28}},"loc":{"start":{"line":40,"column":33},"end":{"line":43,"column":13}},"line":40},"8":{"name":"(anonymous_8)","decl":{"start":{"line":45,"column":95},"end":{"line":45,"column":96}},"loc":{"start":{"line":45,"column":101},"end":{"line":45,"column":155}},"line":45},"9":{"name":"(anonymous_9)","decl":{"start":{"line":48,"column":27},"end":{"line":48,"column":28}},"loc":{"start":{"line":48,"column":33},"end":{"line":48,"column":95}},"line":48},"10":{"name":"(anonymous_10)","decl":{"start":{"line":50,"column":36},"end":{"line":50,"column":37}},"loc":{"start":{"line":50,"column":42},"end":{"line":50,"column":97}},"line":50},"11":{"name":"(anonymous_11)","decl":{"start":{"line":51,"column":63},"end":{"line":51,"column":64}},"loc":{"start":{"line":51,"column":69},"end":{"line":51,"column":93}},"line":51},"12":{"name":"(anonymous_12)","decl":{"start":{"line":52,"column":62},"end":{"line":52,"column":63}},"loc":{"start":{"line":52,"column":68},"end":{"line":52,"column":92}},"line":52}},"branchMap":{"0":{"loc":{"start":{"line":17,"column":6},"end":{"line":19,"column":7}},"type":"if","locations":[{"start":{"line":17,"column":6},"end":{"line":19,"column":7}},{"start":{},"end":{}}],"line":17},"1":{"loc":{"start":{"line":17,"column":10},"end":{"line":17,"column":48}},"type":"binary-expr","locations":[{"start":{"line":17,"column":10},"end":{"line":17,"column":15}},{"start":{"line":17,"column":19},"end":{"line":17,"column":48}}],"line":17},"2":{"loc":{"start":{"line":39,"column":11},"end":{"line":44,"column":18}},"type":"cond-expr","locations":[{"start":{"line":40,"column":14},"end":{"line":43,"column":37}},{"start":{"line":44,"column":14},"end":{"line":44,"column":18}}],"line":39},"3":{"loc":{"start":{"line":39,"column":12},"end":{"line":39,"column":54}},"type":"binary-expr","locations":[{"start":{"line":39,"column":12},"end":{"line":39,"column":40}},{"start":{"line":39,"column":44},"end":{"line":39,"column":54}}],"line":39},"4":{"loc":{"start":{"line":45,"column":11},"end":{"line":45,"column":179}},"type":"binary-expr","locations":[{"start":{"line":45,"column":12},"end":{"line":45,"column":61}},{"start":{"line":45,"column":65},"end":{"line":45,"column":77}},{"start":{"line":45,"column":82},"end":{"line":45,"column":179}}],"line":45},"5":{"loc":{"start":{"line":47,"column":11},"end":{"line":49,"column":18}},"type":"cond-expr","locations":[{"start":{"line":48,"column":14},"end":{"line":48,"column":125}},{"start":{"line":49,"column":14},"end":{"line":49,"column":18}}],"line":47},"6":{"loc":{"start":{"line":47,"column":12},"end":{"line":47,"column":138}},"type":"binary-expr","locations":[{"start":{"line":47,"column":13},"end":{"line":47,"column":91}},{"start":{"line":47,"column":96},"end":{"line":47,"column":105}},{"start":{"line":47,"column":109},"end":{"line":47,"column":138}}],"line":47},"7":{"loc":{"start":{"line":47,"column":13},"end":{"line":47,"column":91}},"type":"cond-expr","locations":[{"start":{"line":47,"column":35},"end":{"line":47,"column":84}},{"start":{"line":47,"column":87},"end":{"line":47,"column":91}}],"line":47},"8":{"loc":{"start":{"line":50,"column":11},"end":{"line":50,"column":129}},"type":"cond-expr","locations":[{"start":{"line":50,"column":23},"end":{"line":50,"column":122}},{"start":{"line":50,"column":125},"end":{"line":50,"column":129}}],"line":50},"9":{"loc":{"start":{"line":51,"column":11},"end":{"line":51,"column":127}},"type":"cond-expr","locations":[{"start":{"line":51,"column":50},"end":{"line":51,"column":120}},{"start":{"line":51,"column":123},"end":{"line":51,"column":127}}],"line":51},"10":{"loc":{"start":{"line":51,"column":11},"end":{"line":51,"column":47}},"type":"binary-expr","locations":[{"start":{"line":51,"column":11},"end":{"line":51,"column":20}},{"start":{"line":51,"column":24},"end":{"line":51,"column":35}},{"start":{"line":51,"column":39},"end":{"line":51,"column":47}}],"line":51},"11":{"loc":{"start":{"line":52,"column":11},"end":{"line":52,"column":127}},"type":"cond-expr","locations":[{"start":{"line":52,"column":49},"end":{"line":52,"column":120}},{"start":{"line":52,"column":123},"end":{"line":52,"column":127}}],"line":52},"12":{"loc":{"start":{"line":52,"column":11},"end":{"line":52,"column":46}},"type":"binary-expr","locations":[{"start":{"line":52,"column":11},"end":{"line":52,"column":20}},{"start":{"line":52,"column":24},"end":{"line":52,"column":35}},{"start":{"line":52,"column":39},"end":{"line":52,"column":46}}],"line":52},"13":{"loc":{"start":{"line":54,"column":9},"end":{"line":54,"column":225}},"type":"cond-expr","locations":[{"start":{"line":54,"column":21},"end":{"line":54,"column":218}},{"start":{"line":54,"column":221},"end":{"line":54,"column":225}}],"line":54}},"s":{"0":0,"1":0,"2":0,"3":0,"4":0,"5":0,"6":0,"7":0,"8":0,"9":0,"10":0,"11":0,"12":0,"13":0,"14":0,"15":0,"16":0,"17":0,"18":0,"19":0,"20":0,"21":0,"22":0,"23"
[...]
,"D:\\TELERIK\\PROJECT 3\\chatter\\src\\views\\SignIn\\SignIn.jsx": {"path":"D:\\TELERIK\\PROJECT 3\\chatter\\src\\views\\SignIn\\SignIn.jsx","statementMap":{"0":{"start":{"line":9,"column":15},"end":{"line":139,"column":1}},"1":{"start":{"line":11,"column":31},"end":{"line":11,"column":53}},"2":{"start":{"line":13,"column":26},"end":{"line":16,"column":4}},"3":{"start":{"line":18,"column":19},"end":{"line":18,"column":32}},"4":{"start":{"line":20,"column":2},"end":{"line":22,"column":23}},"5":{"start":{"line":21,"column":4},"end":{"line":21,"column":32}},"6":{"start":{"line":24,"column":21},"end":{"line":29,"column":3}},"7":{"start":{"line":24,"column":32},"end":{"line":29,"column":3}},"8":{"start":{"line":25,"column":4},"end":{"line":28,"column":7}},"9":{"start":{"line":31,"column":36},"end":{"line":31,"column":51}},"10":{"start":{"line":33,"column":18},"end":{"line":69,"column":3}},"11":{"start":{"line":34,"column":4},"end":{"line":46,"column":5}},"12":{"start":{"line":35,"column":6},"end":{"line":44,"column":9}},"13":{"start":{"line":45,"column":6},"end":{"line":45,"column":13}},"14":{"start":{"line":48,"column":4},"end":{"line":60,"column":5}},"15":{"start":{"line":49,"column":6},"end":{"line":58,"column":9}},"16":{"start":{"line":59,"column":6},"end":{"line":59,"column":13}},"17":{"start":{"line":62,"column":4},"end":{"line":68,"column":39}},"18":{"start":{"line":64,"column":8},"end":{"line":66,"column":11}},"19":{"start":{"line":68,"column":19},"end":{"line":68,"column":37}},"20":{"start":{"line":71,"column":2},"end":{"line":79,"column":18}},"21":{"start":{"line":72,"column":4},"end":{"line":78,"column":5}},"22":{"start":{"line":73,"column":22},"end":{"line":75,"column":14}},"23":{"start":{"line":74,"column":8},"end":{"line":74,"column":28}},"24":{"start":{"line":77,"column":6},"end":{"line":77,"column":41}},"25":{"start":{"line":77,"column":19},"end":{"line":77,"column":40}},"26":{"start":{"line":81,"column":2},"end":{"line":138,"column":4}}},"fnMap":{"0":{"name":"(anonymous_0)","decl":{"start":{"line":9,"column":15},"end":{"line":9,"column":16}},"loc":{"start":{"line":9,"column":21},"end":{"line":139,"column":1}},"line":9},"1":{"name":"(anonymous_1)","decl":{"start":{"line":20,"column":12},"end":{"line":20,"column":13}},"loc":{"start":{"line":20,"column":18},"end":{"line":22,"column":3}},"line":20},"2":{"name":"(anonymous_2)","decl":{"start":{"line":24,"column":21},"end":{"line":24,"column":22}},"loc":{"start":{"line":24,"column":32},"end":{"line":29,"column":3}},"line":24},"3":{"name":"(anonymous_3)","decl":{"start":{"line":24,"column":32},"end":{"line":24,"column":33}},"loc":{"start":{"line":24,"column":39},"end":{"line":29,"column":3}},"line":24},"4":{"name":"(anonymous_4)","decl":{"start":{"line":33,"column":18},"end":{"line":33,"column":19}},"loc":{"start":{"line":33,"column":24},"end":{"line":69,"column":3}},"line":33},"5":{"name":"(anonymous_5)","decl":{"start":{"line":63,"column":12},"end":{"line":63,"column":13}},"loc":{"start":{"line":63,"column":28},"end":{"line":67,"column":7}},"line":63},"6":{"name":"(anonymous_6)","decl":{"start":{"line":68,"column":13},"end":{"line":68,"column":14}},"loc":{"start":{"line":68,"column":19},"end":{"line":68,"column":37}},"line":68},"7":{"name":"(anonymous_7)","decl":{"start":{"line":71,"column":12},"end":{"line":71,"column":13}},"loc":{"start":{"line":71,"column":18},"end":{"line":79,"column":3}},"line":71},"8":{"name":"(anonymous_8)","decl":{"start":{"line":73,"column":33},"end":{"line":73,"column":34}},"loc":{"start":{"line":73,"column":39},"end":{"line":75,"column":7}},"line":73},"9":{"name":"(anonymous_9)","decl":{"start":{"line":77,"column":13},"end":{"line":77,"column":14}},"loc":{"start":{"line":77,"column":19},"end":{"line":77,"column":40}},"line":77}},"branchMap":{"0":{"loc":{"start":{"line":21,"column":4},"end":{"line":21,"column":31}},"type":"cond-expr","locations":[{"start":{"line":21,"column":11},"end":{"line":21,"column":24}},{"start":{"line":21,"column":27},"end":{"line":21,"column":31}}],"line":21},"1":{"loc":{"start":{"line":34,"column":4},"end":{"line":46,"column":5}},"type":"if","locations":[{"start":{"line":34,"column":4},"end":{"line":46,"column":5}},{"start":{},"end":{}}],"line":34},"2":{"loc":{"start":{"line":48,"column":4},"end":{"line":60,"column":5}},"type":"if","locations":[{"start":{"line":48,"column":4},"end":{"line":60,"column":5}},{"start":{},"end":{}}],"line":48},"3":{"loc":{"start":{"line":48,"column":8},"end":{"line":48,"column":68}},"type":"binary-expr","locations":[{"start":{"line":48,"column":8},"end":{"line":48,"column":22}},{"start":{"line":48,"column":26},"end":{"line":48,"column":68}}],"line":48},"4":{"loc":{"start":{"line":72,"column":4},"end":{"line":78,"column":5}},"type":"if","locations":[{"start":{"line":72,"column":4},"end":{"line":78,"column":5}},{"start":{},"end":{}}],"line":72},"5":{"loc":{"start":{"line":120,"column":15},"end":{"line":124,"column":15}},"type":"binary-expr","locations":[{"start":{"line":120,"column":15},"end":{"line":120,"column":24}},{"start":{"line":121,"column":16},"end":{"line":123,"column":22}}],"line":120}},"s":{"0":0,"1":0,"2":0,"3":0,"4":0,"5":0,"6":0,"7":0,"8":0,"9":0,"10":0,"11":0,"12":0,"13":0,"14":0,"15":0,"16":0,"17":0,"18":0,"19":0,"20":0,"21":0,"22":0,"23":0,"24":0,"25":0,"26":0},"f":{"0":0,"1":0,"2":0,"3":0,"4":0,"5":0,"6":0,"7":0,"8":0,"9":0},"b":{"0":[0,0],"1":[0,0],"2":[0,0],"3":[0,0],"4":[0,0],"5":[0,0]}}
,"D:\\TELERIK\\PROJECT 3\\chatter\\src\\views\\SignUp\\SignUp.jsx": {"path":"D:\\TELERIK\\PROJECT 3\\chatter\\src\\views\\SignUp\\SignUp.jsx","statementMap":{"0":{"start":{"line":12,"column":15},"end":{"line":263,"column":1}},"1":{"start":{"line":14,"column":31},"end":{"line":14,"column":53}},"2":{"start":{"line":16,"column":42},"end":{"line":16,"column":57}},"3":{"start":{"line":17,"column":36},"end":{"line":17,"column":51}},"4":{"start":{"line":18,"column":26},"end":{"line":18,"column":38}},"5":{"start":{"line":19,"column":32},"end":{"line":19,"column":47}},"6":{"start":{"line":21,"column":19},"end":{"line":21,"column":32}},"7":{"start":{"line":23,"column":2},"end":{"line":25,"column":23}},"8":{"start":{"line":24,"column":4},"end":{"line":24,"column":32}},"9":{"start":{"line":27,"column":26},"end":{"line":34,"column":4}},"10":{"start":{"line":36,"column":21},"end":{"line":41,"column":3}},"11":{"start":{"line":36,"column":32},"end":{"line":41,"column":3}},"12":{"start":{"line":37,"column":4},"end":{"line":40,"column":7}},"13":{"start":{"line":43,"column":21},"end":{"line":129,"column":3}},"14":{"start":{"line":44,"column":4},"end":{"line":44,"column":27}},"15":{"start":{"line":46,"column":4},"end":{"line":50,"column":5}},"16":{"start":{"line":47,"column":6},"end":{"line":47,"column":35}},"17":{"start":{"line":48,"column":6},"end":{"line":48,"column":25}},"18":{"start":{"line":49,"column":6},"end":{"line":49,"column":13}},"19":{"start":{"line":51,"column":4},"end":{"line":55,"column":5}},"20":{"start":{"line":52,"column":6},"end":{"line":52,"column":36}},"21":{"start":{"line":53,"column":6},"end":{"line":53,"column":25}},"22":{"start":{"line":54,"column":6},"end":{"line":54,"column":13}},"23":{"start":{"line":57,"column":4},"end":{"line":61,"column":5}},"24":{"start":{"line":58,"column":6},"end":{"line":58,"column":42}},"25":{"start":{"line":59,"column":6},"end":{"line":59,"column":25}},"26":{"start":{"line":60,"column":6},"end":{"line":60,"column":13}},"27":{"start":{"line":63,"column":4},"end":{"line":67,"column":5}},"28":{"start":{"line":64,"column":6},"end":{"line":64,"column":73}},"29":{"start":{"line":65,"column":6},"end":{"line":65,"column":25}},"30":{"start":{"line":66,"column":6},"end":{"line":66,"column":13}},"31":{"start":{"line":69,"column":4},"end":{"line":73,"column":5}},"32":{"start":{"line":70,"column":6},"end":{"line":70,"column":63}},"33":{"start":{"line":71,"column":6},"end":{"line":71,"column":25}},"34":{"start":{"line":72,"column":6},"end":{"line":72,"column":13}},"35":{"start":{"line":75,"column":4},"end":{"line":79,"column":5}},"36":{"start":{"line":76,"column":6},"end":{"line":76,"column":59}},"37":{"start":{"line":77,"column":6},"end":{"line":77,"column":25}},"38":{"start":{"line":78,"column":6},"end":{"line":78,"column":13}},"39":{"start":{"line":81,"column":4},"end":{"line":85,"column":5}},"40":{"start":{"line":82,"column":6},"end":{"line":82,"column":64}},"41":{"start":{"line":83,"column":6},"end":{"line":83,"column":25}},"42":{"start":{"line":84,"column":6},"end":{"line":84,"column":13}},"43":{"start":{"line":87,"column":4},"end":{"line":91,"column":5}},"44":{"start":{"line":88,"column":6},"end":{"line":88,"column":77}},"45":{"start":{"line":89,"column":6},"end":{"line":89,"column":25}},"46":{"start":{"line":90,"column":6},"end":{"line":90,"column":13}},"47":{"start":{"line":93,"column":4},"end":{"line":93,"column":21}},"48":{"start":{"line":95,"column":4},"end":{"line":128,"column":9}},"49":{"start":{"line":97,"column":8},"end":{"line":99,"column":9}},"50":{"start":{"line":98,"column":10},"end":{"line":98,"column":76}},"51":{"start":{"line":101,"column":8},"end":{"line":101,"column":55}},"52":{"start":{"line":104,"column":8},"end":{"line":109,"column":12}},"53":{"start":{"line":106,"column":12},"end":{"line":108,"column":15}},"54":{"start":{"line":112,"column":8},"end":{"line":112,"column":77}},"55":{"start":{"line":115,"column":8},"end":{"line":115,"column":74}},"56":{"start":{"line":118,"column":8},"end":{"line":126,"column":9}},"57":{"start":{"line":119,"column":10},"end":{"line":119,"column":50}},"58":{"start":{"line":120,"column":15},"end":{"line":126,"column":9}},"59":{"start":{"line":121,"column":10},"end":{"line":121,"column":81}},"60":{"start":{"line":122,"column":15},"end":{"line":126,"column":9}},"61":{"start":{"line":123,"column":10},"end":{"line":123,"column":40}},"62":{"start":{"line":125,"column":10},"end":{"line":125,"column":34}},"63":{"start":{"line":127,"column":8},"end":{"line":127,"column":27}},"64":{"start":{"line":131,"column":2},"end":{"line":139,"column":18}},"65":{"start":{"line":132,"column":4},"end":{"line":138,"column":5}},"66":{"start":{"line":133,"column":22},"end":{"line":135,"column":14}},"67":{"start":{"line":134,"column":8},"end":{"line":134,"column":28}},"68":{"start":{"line":137,"column":6},"end":{"line":137,"column":41}},"69":{"start":{"line":137,"column":19},"end":{"line":137,"column":40}},"70":{"start":{"line":141,"column":2},"end":{"line":262,"column":4}},"71":{"start":{"line":225,"column":33},"end":{"line":225,"column":63}}},"fnMap":{"0":{"name":"(anonymous_0)","decl":{"start":{"line":12,"column":15},"end":{"line":12,"column":16}},"loc":{"start":{"line":12,"column":21},"end":{"line":263,"column":1}},"line":12},"1":{"name":"(anonymous_1)","decl":{"start":{"line":23,"column":12},"end":{"line":23,"column":13}},"loc":{"start":{"line":23,"column":18},"end":{"line":25,"column":3}},"line":23},"2":{"name":"(anonymous_2)","decl":{"start":{"line":36,"column":21},"end":{"line":36,"column":22}},"loc":{"start":{"line":36,"column":32},"end":{"line":41,"column":3}},"line":36},"3":{"name":"(anonymous_3)","decl":{"start":{"line":36,"column":32},"end":{"line":36,"column":33}},"loc":{"start":{"line":36,"column":39},"end":{"line":41,"column":3}},"line":36},"4":{"name":"(anonymous_4)","decl":{"start":{"line":43,"column":21},"end":{"line":43,"column":22}},"loc":{"start":{"line":43,"column":32},"end":{"line":129,"column":3}},"line":43},"5":{"name":"(anonymous_5)","decl":{"start":{"line":96,"column":12},"end":{"line":96,"column":13}},"loc":{"start":{"line":96,"column":24},"end":{"line":102,"column":7}},"line":96},"6":{"name":"(anonymous_6)","decl":{"start":{"line":103,"column":12},"end":{"line":103,"column":13}},"loc":{"start":{"line":104,"column":8},"end":{"line":109,"column":12}},"line":104},"7":{"name":"(anonymous_7)","decl":{"start":{"line":105,"column":16},"end":{"line":105,"column":17}},"loc":{"start":{"line":105,"column":22},"end":{"line":109,"column":11}},"line":105},"8":{"name":"(anonymous_8)","decl":{"start":{"line":111,"column":12},"end":{"line":111,"column":13}},"loc":{"start":{"line":111,"column":18},"end":{"line":113,"column":7}},"line":111},"9":{"name":"(anonymous_9)","decl":{"start":{"line":114,"column":12},"end":{"line":114,"column":13}},"loc":{"start":{"line":114,"column":18},"end":{"line":116,"column":7}},"line":114},"10":{"name":"(anonymous_10)","decl":{"start":{"line":117,"column":13},"end":{"line":117,"column":14}},"loc":{"start":{"line":117,"column":18},"end":{"line":128,"column":7}},"line":117},"11":{"name":"(anonymous_11)","decl":{"start":{"line":131,"column":12},"end":{"line":131,"column":13}},"loc":{"start":{"line":131,"column":18},"end":{"line":139,"column":3}},"line":131},"12":{"name":"(anonymous_12)","decl":{"start":{"line":133,"column":33},"end":{"line":133,"column":34}},"loc":{"start":{"line":133,"column":39},"end":{"line":135,"column":7}},"line":133},"13":{"name":"(anonymous_13)","decl":{"start":{"line":137,"column":13},"end":{"line":137,"column":14}},"loc":{"start":{"line":137,"column":19},"end":{"line":137,"column":40}},"line":137},"14":{"name":"(anonymous_14)","decl":{"start":{"line":225,"column":27},"end":{"line":225,"column":28}},"loc":{"start":{"line":225,"column":33},"end":{"line":225,"column":63}},"line":225}},"branchMap":{"0":{"loc":{"start":{"line":24,"column":4},"end":{"line":24,"column":31}},"type":"cond-expr","locations":[{"start":{"line":24,"column":11},"end":{"line":24,"column":24}},{"start":{"line":24,"column":27},"end":{"line":24,"column":31}}],"line":24},"1":{"loc":{"start":{"line":46,"column":4},"end":{"line":50,"column":5}},"type":"if","locations":[{"start":{"line":46,"column":4},"end":{"line":50,"column":5}},{"start":{},"end":{}}],"line":46},"2":{"loc":{"start":{"line":51,"column":4},"end":{"line":55,"column":5}},"type":"if","locations":[{"start":{"line":51,"column":4},"end":{"line":55,"column":5}},{"start":{},"end":{}}],"line":51},"3":{"loc":{"start":{"line":57,"column":4},"end":{"line":61,"column":5}},"type":"if","locations":[{"start":{"line":57,"column":4},"end":{"line":61,"column":5}},{"start":{},"end":{}}],"line":57},"4":{"loc":{"start":{"line":63,"column":4},"end":{"line":67,"column":5}},"type":"if","locations":[{"start":{"line":63,"column":4},"end":{"line":67,"column":5}},{"start":{},"end":{}}],"line":63},"5":{"loc":{"start":{"line":69,"column":4},"end":{"line":73,"column":5}},"type":"if","locations":[{"start":{"line":69,"column":4},"end":{"line":73,"column":5}},{"start":{},"end":{}}],"line":69},"6":{"loc":{"start":{"line":69,"column":8},"end":{"line":69,"column":92}},"type":"binary-expr","locations":[{"start":{"line":69,"column":8},"end":{"line":69,"column":48}},{"start":{"line":69,"column":52},"end":{"line":69,"column":92}}],"line":69},"7":{"loc":{"start":{"line":75,"column":4},"end":{"line":79,"column":5}},"type":"if","locations":[{"start":{"line":75,"column":4},"end":{"line":79,"column":5}},{"start":{},"end":{}}],"line":75},"8":{"loc":{"start":{"line":75,"column":8},"end":{"line":75,"column":94}},"type":"binary-expr","locations":[{"start":{"line":75,"column":8},"end":{"line":75,"column":47}},{"start":{"line":75,"column":51},"end":{"line":75,"column":94}}],"line":75},"9":{"loc":{"start":{"line":81,"column":4},"end":{"line":85,"column":5}},"type":"if","locations":[{"start":{"line":81,"column":4},"end":{"line":85,"column":5}},{"start":{},"end":{}}],"line":81},"10":{"loc":{"start":{"line":81,"column":8},"end":{"line":81,"column":92}},"type":"binary-expr","locations":[{"start":{"line":81,"column":8},"end":{"line":81,"column":46}},{"start":{"line":81,"column":50},"end":{"line":81,"column":92}}],"line":81},"11":{"loc":{"start":{"line":87,"column":4},"end":{"line":91,"column":5}},"type":"if","locations":[{"start":{"line":87,"column":4},"end":{"line":91,"column":5}},{"start":{},"end":{}}],"line":87},"12":{"loc":{"start":{"line":87,"column":8},"end":{"line":87,"column":68}},"type":"binary-expr","locations":[{"start":{"line":87,"column":8},"end":{"line":87,"column":22}},{"start":{"line":87,"column":26},"end":{"line":87,"column":68}}],"line":87},"13":{"loc":{"start":{"line":97,"column":8},"end":{"line":99,"column":9}},"type":"if","locations":[{"start":{"line":97,"column":8},"end":{"line":99,"column":9}},{"start":{},"end":{}}],"line":97},"14":{"loc":{"start":{"line":118,"column":8},"end":{"line":126,"column":9}},"type":"if","locations":[{"start":{"line":118,"column":8},"end":{"line":126,"column":9}},{"start":{"line":120,"column":15},"end":{"line":126,"column":9}}],"line":118},"15":{"loc":{"start":{"line":120,"column":15},"end":{"line":126,"column":9}},"type":"if","locations":[{"start":{"line":120,"column":15},"end":{"line":126,"column":9}},{"start":{"line":122,"column":15},"end":{"line":126,"column":9}}],"line":120},"16":{"loc":{"start":{"line":122,"column":15},"end":{"line":126,"column":9}},"type":"if","locations":[{"start":{"line":122,"column":15},"end":{"line":126,"column":9}},{"start":{"line":124,"column":15},"end":{"line":126,"column":9}}],"line":122},"17":{"loc":{"start":{"line":132,"column":4},"end":{"line":138,"column":5}},"type":"if","locations":[{"start":{"line":132,"column":4},"end":{"line":138,"column":5}},{"start":{},"end":{}}],"line":132},"18":{"loc":{"start":{"line":215,"column":24},"end":{"line":215,"column":58}},"type":"cond-expr","locations":[{"start":{"line":215,"column":39},"end":{"line":215,"column":45}},{"start":{"line":215,"column":48},"end":{"line":215,"column":58}}],"line":215},"19":{"loc":{"start":{"line":227,"column":19},"end":{"line":231,"column":19}},"type":"cond-expr","locations":[{"start":{"line":228,"column":20},"end":{"line":228,"column":58}},{"start":{"line":230,"column":20},"end":{"line":230,"column":63}}],"line":227},"20":{"loc":{"start":{"line":242,"column":13},"end":{"line":248,"column":13}},"type":"binary-expr","locations":[{"start":{"line":242,"column":13},"end":{"line":242,"column":22}},{"start":{"line":243,"column":14},"end":{"line":247,"column":20}}],"line":242}},"s":{"0":1,"1":15,"2":15,"3":15,"4":15,"5":15,"6":15,"7":15,"8":3,"9":15,"10":15,"11":90,"12":6,"13":15,"14":6,"15":6,"16":5,"17":5,"18":5,"19":1,"20":1,"21":1,"22":1,"23":0,"24":0,"25":0,"26":0,"27":0,"28":0,"29":0,"30":0,"31":0,"32":0,"33":0,"34":0,"35":0,"36":0,"37":0,"38":0,"39":0,"40":0,"41":0,"42":0,"43":0,"44":0,"45":0,"46":0,"47":0,"48":0,"49":0,"50":0,"51":0,"52":0,"53":0,"54":0,"55":0,"56":0,"57":0,"58":0,"59":0,"60":0,"61":0,"62":0,"63":0,"64":15,"65":6,"66":3,"67":0,"68":3,"69":3,"70":15,"71":0},"f":{"0":15,"1":3,"2":90,"3":6,"4":6,"5":0,"6":0,"7":0,"8":0,"9":0,"10":0,"11":6,"12":0,"13":3,"14":0},"b":{"0":[0,3],"1":[5,1],"2":[1,0],"3":[0,0],"4":[0,0],"5":[0,0],"6":[0,0],"7":[0,0],"8":[0,0],"9":[0,0],"10":[0,0],"11":[0,0],"12":[0,0],"13":[0,0],"14":[0,0],"15":[0,0],"16":[0,0],"17":[3,3],"18":[0,15],"19":[0,15],"20":[15,9]},"_coverageSchema":"1a1c01bbd47fc00a2c39e90264f33305004495a9","hash":"d12294e85d6031744127584ad25f8af1f9327bd8"}
}
